2017-09-05 17:19:49,095: Version[line:37]: HCANN000001: Hibernate Commons Annotations {4.0.2.Final}
 2017-09-05 17:19:49,104: Version[line:41]: HHH000412: Hibernate Core {4.2.4.Final}
 2017-09-05 17:19:49,107: Environment[line:239]: HHH000206: hibernate.properties not found
 2017-09-05 17:19:49,108: Environment[line:342]: HHH000021: Bytecode provider name : javassist
 2017-09-05 17:19:49,130: Configuration[line:2006]: HHH000043: Configuring from resource: /hibernate.cfg.xml
 2017-09-05 17:19:49,130: Configuration[line:2025]: HHH000040: Configuration resource: /hibernate.cfg.xml
 2017-09-05 17:19:49,178: DTDEntityResolver[line:74]: HHH000223: Recognized obsolete hibernate namespace http://hibernate.sourceforge.net/. Use namespace http://www.hibernate.org/dtd/ instead. Refer to Hibernate 3.6 Migration Guide!
 2017-09-05 17:19:49,197: Configuration[line:728]: HHH000221: Reading mappings from resource: com/lin/pojo/News.hbm.xml
 2017-09-05 17:19:49,224: DTDEntityResolver[line:74]: HHH000223: Recognized obsolete hibernate namespace http://hibernate.sourceforge.net/. Use namespace http://www.hibernate.org/dtd/ instead. Refer to Hibernate 3.6 Migration Guide!
 2017-09-05 17:19:49,252: Configuration[line:2147]: HHH000041: Configured SessionFactory: null
 2017-09-05 17:19:49,303: ConnectionProviderInitiator[line:188]: HHH000130: Instantiating explicit connection provider: org.hibernate.service.jdbc.connections.internal.C3P0ConnectionProvider
 2017-09-05 17:19:49,316: C3P0ConnectionProvider[line:128]: HHH010002: C3P0 using driver: com.mysql.jdbc.Driver at URL: jdbc:mysql://localhost:3306/hibernate5
 2017-09-05 17:19:49,316: C3P0ConnectionProvider[line:129]: HHH000046: Connection properties: {user=root, password=****}
 2017-09-05 17:19:49,316: C3P0ConnectionProvider[line:132]: HHH000006: Autocommit mode: false
 2017-09-05 17:19:49,333: MLog[line:92]: MLog clients using log4j logging.
 2017-09-05 17:19:49,495: C3P0Registry[line:216]: Initializing c3p0-0.9.2.1 [built 20-March-2013 10:47:27 +0000; debug? true; trace: 10]
 2017-09-05 17:19:49,573: AbstractPoolBackedDataSource[line:522]: Initializing c3p0 pool... com.mchange.v2.c3p0.PoolBackedDataSource@adf74383 [ connectionPoolDataSource -> com.mchange.v2.c3p0.WrapperConnectionPoolDataSource@7df550a2 [ acquireIncrement -> 3, acquireRetryAttempts -> 30, acquireRetryDelay -> 1000, autoCommitOnClose -> false, automaticTestTable -> null, breakAfterAcquireFailure -> false, checkoutTimeout -> 0, connectionCustomizerClassName -> null, connectionTesterClassName -> com.mchange.v2.c3p0.impl.DefaultConnectionTester, debugUnreturnedConnectionStackTraces -> false, factoryClassLocation -> null, forceIgnoreUnresolvedTransactions -> false, identityToken -> 2sa57i9qmkgvp11exkdos|97e9678, idleConnectionTestPeriod -> 0, initialPoolSize -> 3, maxAdministrativeTaskTime -> 0, maxConnectionAge -> 0, maxIdleTime -> 0, maxIdleTimeExcessConnections -> 0, maxPoolSize -> 15, maxStatements -> 0, maxStatementsPerConnection -> 0, minPoolSize -> 3, nestedDataSource -> com.mchange.v2.c3p0.DriverManagerDataSource@da4db2c4 [ description -> null, driverClass -> null, factoryClassLocation -> null, identityToken -> 2sa57i9qmkgvp11exkdos|78f14616, jdbcUrl -> jdbc:mysql://localhost:3306/hibernate5, properties -> {user=******, password=******} ], preferredTestQuery -> null, propertyCycle -> 0, statementCacheNumDeferredCloseThreads -> 0, testConnectionOnCheckin -> false, testConnectionOnCheckout -> false, unreturnedConnectionTimeout -> 0, usesTraditionalReflectiveProxies -> false; userOverrides: {} ], dataSourceName -> null, factoryClassLocation -> null, identityToken -> 2sa57i9qmkgvp11exkdos|7a94f797, numHelperThreads -> 3 ]
 2017-09-05 17:19:49,826: Dialect[line:130]: HHH000400: Using dialect: org.hibernate.dialect.MySQL5InnoDBDialect
 2017-09-05 17:19:49,835: LobCreatorBuilder[line:120]: HHH000424: Disabling contextual LOB creation as createClob() method threw error : java.lang.reflect.InvocationTargetException
 2017-09-05 17:19:49,884: TransactionFactoryInitiator[line:68]: HHH000399: Using default transaction strategy (direct JDBC transactions)
 2017-09-05 17:19:49,889: ASTQueryTranslatorFactory[line:48]: HHH000397: Using ASTQueryTranslatorFactory
 2017-09-05 17:19:50,050: SchemaUpdate[line:182]: HHH000228: Running hbm2ddl schema update
 2017-09-05 17:19:50,050: SchemaUpdate[line:193]: HHH000102: Fetching database metadata
 2017-09-05 17:19:50,054: SchemaUpdate[line:205]: HHH000396: Updating schema
 2017-09-05 17:19:50,070: TableMetadata[line:65]: HHH000261: Table found: hibernate5.news
 2017-09-05 17:19:50,070: TableMetadata[line:66]: HHH000037: Columns: [id, author, title, date]
 2017-09-05 17:19:50,070: TableMetadata[line:68]: HHH000108: Foreign keys: []
 2017-09-05 17:19:50,070: TableMetadata[line:69]: HHH000126: Indexes: [primary]
 2017-09-05 17:19:50,071: SchemaUpdate[line:242]: HHH000232: Schema update complete
 2017-09-05 17:19:50,210: HibernateSessionMethodTest[line:35]: 123
 2017-09-05 17:20:17,914: Version[line:37]: HCANN000001: Hibernate Commons Annotations {4.0.2.Final}
 2017-09-05 17:20:17,923: Version[line:41]: HHH000412: Hibernate Core {4.2.4.Final}
 2017-09-05 17:20:17,926: Environment[line:239]: HHH000206: hibernate.properties not found
 2017-09-05 17:20:17,927: Environment[line:342]: HHH000021: Bytecode provider name : javassist
 2017-09-05 17:20:17,947: Configuration[line:2006]: HHH000043: Configuring from resource: /hibernate.cfg.xml
 2017-09-05 17:20:17,947: Configuration[line:2025]: HHH000040: Configuration resource: /hibernate.cfg.xml
 2017-09-05 17:20:17,996: DTDEntityResolver[line:74]: HHH000223: Recognized obsolete hibernate namespace http://hibernate.sourceforge.net/. Use namespace http://www.hibernate.org/dtd/ instead. Refer to Hibernate 3.6 Migration Guide!
 2017-09-05 17:20:18,014: Configuration[line:728]: HHH000221: Reading mappings from resource: com/lin/pojo/News.hbm.xml
 2017-09-05 17:20:18,037: DTDEntityResolver[line:74]: HHH000223: Recognized obsolete hibernate namespace http://hibernate.sourceforge.net/. Use namespace http://www.hibernate.org/dtd/ instead. Refer to Hibernate 3.6 Migration Guide!
 2017-09-05 17:20:18,064: Configuration[line:2147]: HHH000041: Configured SessionFactory: null
 2017-09-05 17:20:18,107: ConnectionProviderInitiator[line:188]: HHH000130: Instantiating explicit connection provider: org.hibernate.service.jdbc.connections.internal.C3P0ConnectionProvider
 2017-09-05 17:20:18,119: C3P0ConnectionProvider[line:128]: HHH010002: C3P0 using driver: com.mysql.jdbc.Driver at URL: jdbc:mysql://localhost:3306/hibernate5
 2017-09-05 17:20:18,119: C3P0ConnectionProvider[line:129]: HHH000046: Connection properties: {user=root, password=****}
 2017-09-05 17:20:18,119: C3P0ConnectionProvider[line:132]: HHH000006: Autocommit mode: false
 2017-09-05 17:20:18,135: MLog[line:92]: MLog clients using log4j logging.
 2017-09-05 17:20:18,288: C3P0Registry[line:216]: Initializing c3p0-0.9.2.1 [built 20-March-2013 10:47:27 +0000; debug? true; trace: 10]
 2017-09-05 17:20:18,364: AbstractPoolBackedDataSource[line:522]: Initializing c3p0 pool... com.mchange.v2.c3p0.PoolBackedDataSource@95a237 [ connectionPoolDataSource -> com.mchange.v2.c3p0.WrapperConnectionPoolDataSource@134589db [ acquireIncrement -> 3, acquireRetryAttempts -> 30, acquireRetryDelay -> 1000, autoCommitOnClose -> false, automaticTestTable -> null, breakAfterAcquireFailure -> false, checkoutTimeout -> 0, connectionCustomizerClassName -> null, connectionTesterClassName -> com.mchange.v2.c3p0.impl.DefaultConnectionTester, debugUnreturnedConnectionStackTraces -> false, factoryClassLocation -> null, forceIgnoreUnresolvedTransactions -> false, identityToken -> 2sa57i9qmkhhx212zrha5|48609de0, idleConnectionTestPeriod -> 0, initialPoolSize -> 3, maxAdministrativeTaskTime -> 0, maxConnectionAge -> 0, maxIdleTime -> 0, maxIdleTimeExcessConnections -> 0, maxPoolSize -> 15, maxStatements -> 0, maxStatementsPerConnection -> 0, minPoolSize -> 3, nestedDataSource -> com.mchange.v2.c3p0.DriverManagerDataSource@bf820a84 [ description -> null, driverClass -> null, factoryClassLocation -> null, identityToken -> 2sa57i9qmkhhx212zrha5|7d7d298b, jdbcUrl -> jdbc:mysql://localhost:3306/hibernate5, properties -> {user=******, password=******} ], preferredTestQuery -> null, propertyCycle -> 0, statementCacheNumDeferredCloseThreads -> 0, testConnectionOnCheckin -> false, testConnectionOnCheckout -> false, unreturnedConnectionTimeout -> 0, usesTraditionalReflectiveProxies -> false; userOverrides: {} ], dataSourceName -> null, factoryClassLocation -> null, identityToken -> 2sa57i9qmkhhx212zrha5|4d33b92c, numHelperThreads -> 3 ]
 2017-09-05 17:20:18,579: Dialect[line:130]: HHH000400: Using dialect: org.hibernate.dialect.MySQL5InnoDBDialect
 2017-09-05 17:20:18,588: LobCreatorBuilder[line:120]: HHH000424: Disabling contextual LOB creation as createClob() method threw error : java.lang.reflect.InvocationTargetException
 2017-09-05 17:20:18,637: TransactionFactoryInitiator[line:68]: HHH000399: Using default transaction strategy (direct JDBC transactions)
 2017-09-05 17:20:18,642: ASTQueryTranslatorFactory[line:48]: HHH000397: Using ASTQueryTranslatorFactory
 2017-09-05 17:20:18,807: SchemaUpdate[line:182]: HHH000228: Running hbm2ddl schema update
 2017-09-05 17:20:18,808: SchemaUpdate[line:193]: HHH000102: Fetching database metadata
 2017-09-05 17:20:18,811: SchemaUpdate[line:205]: HHH000396: Updating schema
 2017-09-05 17:20:18,827: TableMetadata[line:65]: HHH000261: Table found: hibernate5.news
 2017-09-05 17:20:18,827: TableMetadata[line:66]: HHH000037: Columns: [id, author, title, date]
 2017-09-05 17:20:18,827: TableMetadata[line:68]: HHH000108: Foreign keys: []
 2017-09-05 17:20:18,828: TableMetadata[line:69]: HHH000126: Indexes: [primary]
 2017-09-05 17:20:18,828: SchemaUpdate[line:242]: HHH000232: Schema update complete
 2017-09-05 17:20:18,961: HibernateSessionMethodTest[line:35]: 123
 2017-09-05 17:21:36,338: Version[line:37]: HCANN000001: Hibernate Commons Annotations {4.0.2.Final}
 2017-09-05 17:21:36,347: Version[line:41]: HHH000412: Hibernate Core {4.2.4.Final}
 2017-09-05 17:21:36,350: Environment[line:239]: HHH000206: hibernate.properties not found
 2017-09-05 17:21:36,352: Environment[line:342]: HHH000021: Bytecode provider name : javassist
 2017-09-05 17:21:36,371: Configuration[line:2006]: HHH000043: Configuring from resource: /hibernate.cfg.xml
 2017-09-05 17:21:36,371: Configuration[line:2025]: HHH000040: Configuration resource: /hibernate.cfg.xml
 2017-09-05 17:21:36,418: DTDEntityResolver[line:74]: HHH000223: Recognized obsolete hibernate namespace http://hibernate.sourceforge.net/. Use namespace http://www.hibernate.org/dtd/ instead. Refer to Hibernate 3.6 Migration Guide!
 2017-09-05 17:21:36,436: Configuration[line:728]: HHH000221: Reading mappings from resource: com/lin/pojo/News.hbm.xml
 2017-09-05 17:21:36,458: DTDEntityResolver[line:74]: HHH000223: Recognized obsolete hibernate namespace http://hibernate.sourceforge.net/. Use namespace http://www.hibernate.org/dtd/ instead. Refer to Hibernate 3.6 Migration Guide!
 2017-09-05 17:21:36,483: Configuration[line:2147]: HHH000041: Configured SessionFactory: null
 2017-09-05 17:21:36,530: ConnectionProviderInitiator[line:188]: HHH000130: Instantiating explicit connection provider: org.hibernate.service.jdbc.connections.internal.C3P0ConnectionProvider
 2017-09-05 17:21:36,543: C3P0ConnectionProvider[line:128]: HHH010002: C3P0 using driver: com.mysql.jdbc.Driver at URL: jdbc:mysql://localhost:3306/hibernate5
 2017-09-05 17:21:36,543: C3P0ConnectionProvider[line:129]: HHH000046: Connection properties: {user=root, password=****}
 2017-09-05 17:21:36,543: C3P0ConnectionProvider[line:132]: HHH000006: Autocommit mode: false
 2017-09-05 17:21:36,561: MLog[line:92]: MLog clients using log4j logging.
 2017-09-05 17:21:36,721: C3P0Registry[line:216]: Initializing c3p0-0.9.2.1 [built 20-March-2013 10:47:27 +0000; debug? true; trace: 10]
 2017-09-05 17:21:36,796: AbstractPoolBackedDataSource[line:522]: Initializing c3p0 pool... com.mchange.v2.c3p0.PoolBackedDataSource@b7567293 [ connectionPoolDataSource -> com.mchange.v2.c3p0.WrapperConnectionPoolDataSource@7487da59 [ acquireIncrement -> 3, acquireRetryAttempts -> 30, acquireRetryDelay -> 1000, autoCommitOnClose -> false, automaticTestTable -> null, breakAfterAcquireFailure -> false, checkoutTimeout -> 0, connectionCustomizerClassName -> null, connectionTesterClassName -> com.mchange.v2.c3p0.impl.DefaultConnectionTester, debugUnreturnedConnectionStackTraces -> false, factoryClassLocation -> null, forceIgnoreUnresolvedTransactions -> false, identityToken -> 2sa57i9qmkj6fn1m7h42m|3f1d023f, idleConnectionTestPeriod -> 0, initialPoolSize -> 3, maxAdministrativeTaskTime -> 0, maxConnectionAge -> 0, maxIdleTime -> 0, maxIdleTimeExcessConnections -> 0, maxPoolSize -> 15, maxStatements -> 0, maxStatementsPerConnection -> 0, minPoolSize -> 3, nestedDataSource -> com.mchange.v2.c3p0.DriverManagerDataSource@30a12ece [ description -> null, driverClass -> null, factoryClassLocation -> null, identityToken -> 2sa57i9qmkj6fn1m7h42m|2432a50a, jdbcUrl -> jdbc:mysql://localhost:3306/hibernate5, properties -> {user=******, password=******} ], preferredTestQuery -> null, propertyCycle -> 0, statementCacheNumDeferredCloseThreads -> 0, testConnectionOnCheckin -> false, testConnectionOnCheckout -> false, unreturnedConnectionTimeout -> 0, usesTraditionalReflectiveProxies -> false; userOverrides: {} ], dataSourceName -> null, factoryClassLocation -> null, identityToken -> 2sa57i9qmkj6fn1m7h42m|7ec21f4c, numHelperThreads -> 3 ]
 2017-09-05 17:21:37,026: Dialect[line:130]: HHH000400: Using dialect: org.hibernate.dialect.MySQL5InnoDBDialect
 2017-09-05 17:21:37,034: LobCreatorBuilder[line:120]: HHH000424: Disabling contextual LOB creation as createClob() method threw error : java.lang.reflect.InvocationTargetException
 2017-09-05 17:21:37,085: TransactionFactoryInitiator[line:68]: HHH000399: Using default transaction strategy (direct JDBC transactions)
 2017-09-05 17:21:37,089: ASTQueryTranslatorFactory[line:48]: HHH000397: Using ASTQueryTranslatorFactory
 2017-09-05 17:21:37,236: SchemaUpdate[line:182]: HHH000228: Running hbm2ddl schema update
 2017-09-05 17:21:37,236: SchemaUpdate[line:193]: HHH000102: Fetching database metadata
 2017-09-05 17:21:37,240: SchemaUpdate[line:205]: HHH000396: Updating schema
 2017-09-05 17:21:37,254: TableMetadata[line:65]: HHH000261: Table found: hibernate5.news
 2017-09-05 17:21:37,254: TableMetadata[line:66]: HHH000037: Columns: [id, author, title, date]
 2017-09-05 17:21:37,254: TableMetadata[line:68]: HHH000108: Foreign keys: []
 2017-09-05 17:21:37,255: TableMetadata[line:69]: HHH000126: Indexes: [primary]
 2017-09-05 17:21:37,255: SchemaUpdate[line:242]: HHH000232: Schema update complete
 2017-09-05 17:21:37,385: HibernateSessionMethodTest[line:33]: 123
 