2017-09-14 14:02:21,374: Version[line:37]: HCANN000001: Hibernate Commons Annotations {4.0.2.Final}
 2017-09-14 14:02:21,383: Version[line:41]: HHH000412: Hibernate Core {4.2.4.Final}
 2017-09-14 14:02:21,385: Environment[line:239]: HHH000206: hibernate.properties not found
 2017-09-14 14:02:21,387: Environment[line:342]: HHH000021: Bytecode provider name : javassist
 2017-09-14 14:02:21,405: Configuration[line:2006]: HHH000043: Configuring from resource: /hibernate.cfg.xml
 2017-09-14 14:02:21,405: Configuration[line:2025]: HHH000040: Configuration resource: /hibernate.cfg.xml
 2017-09-14 14:02:21,446: DTDEntityResolver[line:74]: HHH000223: Recognized obsolete hibernate namespace http://hibernate.sourceforge.net/. Use namespace http://www.hibernate.org/dtd/ instead. Refer to Hibernate 3.6 Migration Guide!
 2017-09-14 14:02:21,462: Configuration[line:728]: HHH000221: Reading mappings from resource: com/lin/pojo/News.hbm.xml
 2017-09-14 14:02:21,480: DTDEntityResolver[line:74]: HHH000223: Recognized obsolete hibernate namespace http://hibernate.sourceforge.net/. Use namespace http://www.hibernate.org/dtd/ instead. Refer to Hibernate 3.6 Migration Guide!
 2017-09-14 14:02:21,503: Configuration[line:728]: HHH000221: Reading mappings from resource: com/lin/pojo/Worker.hbm.xml
 2017-09-14 14:02:21,505: DTDEntityResolver[line:74]: HHH000223: Recognized obsolete hibernate namespace http://hibernate.sourceforge.net/. Use namespace http://www.hibernate.org/dtd/ instead. Refer to Hibernate 3.6 Migration Guide!
 2017-09-14 14:02:21,521: Configuration[line:2147]: HHH000041: Configured SessionFactory: null
 2017-09-14 14:02:21,556: ConnectionProviderInitiator[line:188]: HHH000130: Instantiating explicit connection provider: org.hibernate.service.jdbc.connections.internal.C3P0ConnectionProvider
 2017-09-14 14:02:21,568: C3P0ConnectionProvider[line:128]: HHH010002: C3P0 using driver: com.mysql.jdbc.Driver at URL: jdbc:mysql://localhost:3306/hibernate5
 2017-09-14 14:02:21,569: C3P0ConnectionProvider[line:129]: HHH000046: Connection properties: {user=root, password=****}
 2017-09-14 14:02:21,569: C3P0ConnectionProvider[line:132]: HHH000006: Autocommit mode: false
 2017-09-14 14:02:21,626: MLog[line:92]: MLog clients using log4j logging.
 2017-09-14 14:02:21,779: C3P0Registry[line:216]: Initializing c3p0-0.9.2.1 [built 20-March-2013 10:47:27 +0000; debug? true; trace: 10]
 2017-09-14 14:02:21,844: AbstractPoolBackedDataSource[line:522]: Initializing c3p0 pool... com.mchange.v2.c3p0.PoolBackedDataSource@cc9f075f [ connectionPoolDataSource -> com.mchange.v2.c3p0.WrapperConnectionPoolDataSource@2c1cb408 [ acquireIncrement -> 3, acquireRetryAttempts -> 30, acquireRetryDelay -> 1000, autoCommitOnClose -> false, automaticTestTable -> null, breakAfterAcquireFailure -> false, checkoutTimeout -> 0, connectionCustomizerClassName -> null, connectionTesterClassName -> com.mchange.v2.c3p0.impl.DefaultConnectionTester, debugUnreturnedConnectionStackTraces -> false, factoryClassLocation -> null, forceIgnoreUnresolvedTransactions -> false, identityToken -> 2sa57i9qz8dly9kf4ghr|2d99af67, idleConnectionTestPeriod -> 0, initialPoolSize -> 3, maxAdministrativeTaskTime -> 0, maxConnectionAge -> 0, maxIdleTime -> 0, maxIdleTimeExcessConnections -> 0, maxPoolSize -> 15, maxStatements -> 0, maxStatementsPerConnection -> 0, minPoolSize -> 3, nestedDataSource -> com.mchange.v2.c3p0.DriverManagerDataSource@cd79f4d [ description -> null, driverClass -> null, factoryClassLocation -> null, identityToken -> 2sa57i9qz8dly9kf4ghr|ab353de, jdbcUrl -> jdbc:mysql://localhost:3306/hibernate5, properties -> {user=******, password=******} ], preferredTestQuery -> null, propertyCycle -> 0, statementCacheNumDeferredCloseThreads -> 0, testConnectionOnCheckin -> false, testConnectionOnCheckout -> false, unreturnedConnectionTimeout -> 0, usesTraditionalReflectiveProxies -> false; userOverrides: {} ], dataSourceName -> null, factoryClassLocation -> null, identityToken -> 2sa57i9qz8dly9kf4ghr|5e0cb13b, numHelperThreads -> 3 ]
 2017-09-14 14:02:22,218: Dialect[line:130]: HHH000400: Using dialect: org.hibernate.dialect.MySQL5InnoDBDialect
 2017-09-14 14:02:22,224: LobCreatorBuilder[line:120]: HHH000424: Disabling contextual LOB creation as createClob() method threw error : java.lang.reflect.InvocationTargetException
 2017-09-14 14:03:05,168: Version[line:37]: HCANN000001: Hibernate Commons Annotations {4.0.2.Final}
 2017-09-14 14:03:05,178: Version[line:41]: HHH000412: Hibernate Core {4.2.4.Final}
 2017-09-14 14:03:05,180: Environment[line:239]: HHH000206: hibernate.properties not found
 2017-09-14 14:03:05,182: Environment[line:342]: HHH000021: Bytecode provider name : javassist
 2017-09-14 14:03:05,203: Configuration[line:2006]: HHH000043: Configuring from resource: /hibernate.cfg.xml
 2017-09-14 14:03:05,203: Configuration[line:2025]: HHH000040: Configuration resource: /hibernate.cfg.xml
 2017-09-14 14:03:05,243: DTDEntityResolver[line:74]: HHH000223: Recognized obsolete hibernate namespace http://hibernate.sourceforge.net/. Use namespace http://www.hibernate.org/dtd/ instead. Refer to Hibernate 3.6 Migration Guide!
 2017-09-14 14:03:05,260: Configuration[line:728]: HHH000221: Reading mappings from resource: com/lin/pojo/News.hbm.xml
 2017-09-14 14:03:05,280: DTDEntityResolver[line:74]: HHH000223: Recognized obsolete hibernate namespace http://hibernate.sourceforge.net/. Use namespace http://www.hibernate.org/dtd/ instead. Refer to Hibernate 3.6 Migration Guide!
 2017-09-14 14:03:05,307: Configuration[line:728]: HHH000221: Reading mappings from resource: com/lin/pojo/Worker.hbm.xml
 2017-09-14 14:03:05,309: DTDEntityResolver[line:74]: HHH000223: Recognized obsolete hibernate namespace http://hibernate.sourceforge.net/. Use namespace http://www.hibernate.org/dtd/ instead. Refer to Hibernate 3.6 Migration Guide!
 2017-09-14 14:03:05,329: Configuration[line:2147]: HHH000041: Configured SessionFactory: null
 2017-09-14 14:03:05,372: ConnectionProviderInitiator[line:188]: HHH000130: Instantiating explicit connection provider: org.hibernate.service.jdbc.connections.internal.C3P0ConnectionProvider
 2017-09-14 14:03:05,383: C3P0ConnectionProvider[line:128]: HHH010002: C3P0 using driver: com.mysql.jdbc.Driver at URL: jdbc:mysql://localhost:3306/hibernate5
 2017-09-14 14:03:05,384: C3P0ConnectionProvider[line:129]: HHH000046: Connection properties: {user=root, password=****}
 2017-09-14 14:03:05,384: C3P0ConnectionProvider[line:132]: HHH000006: Autocommit mode: false
 2017-09-14 14:03:05,400: MLog[line:92]: MLog clients using log4j logging.
 2017-09-14 14:03:05,540: C3P0Registry[line:216]: Initializing c3p0-0.9.2.1 [built 20-March-2013 10:47:27 +0000; debug? true; trace: 10]
 2017-09-14 14:03:05,611: AbstractPoolBackedDataSource[line:522]: Initializing c3p0 pool... com.mchange.v2.c3p0.PoolBackedDataSource@ea2f4fff [ connectionPoolDataSource -> com.mchange.v2.c3p0.WrapperConnectionPoolDataSource@1f25c437 [ acquireIncrement -> 3, acquireRetryAttempts -> 30, acquireRetryDelay -> 1000, autoCommitOnClose -> false, automaticTestTable -> null, breakAfterAcquireFailure -> false, checkoutTimeout -> 0, connectionCustomizerClassName -> null, connectionTesterClassName -> com.mchange.v2.c3p0.impl.DefaultConnectionTester, debugUnreturnedConnectionStackTraces -> false, factoryClassLocation -> null, forceIgnoreUnresolvedTransactions -> false, identityToken -> 2sa57i9qz8ejpvkofban|5e36ba3b, idleConnectionTestPeriod -> 0, initialPoolSize -> 3, maxAdministrativeTaskTime -> 0, maxConnectionAge -> 0, maxIdleTime -> 0, maxIdleTimeExcessConnections -> 0, maxPoolSize -> 15, maxStatements -> 0, maxStatementsPerConnection -> 0, minPoolSize -> 3, nestedDataSource -> com.mchange.v2.c3p0.DriverManagerDataSource@3093c6 [ description -> null, driverClass -> null, factoryClassLocation -> null, identityToken -> 2sa57i9qz8ejpvkofban|5594b7ac, jdbcUrl -> jdbc:mysql://localhost:3306/hibernate5, properties -> {user=******, password=******} ], preferredTestQuery -> null, propertyCycle -> 0, statementCacheNumDeferredCloseThreads -> 0, testConnectionOnCheckin -> false, testConnectionOnCheckout -> false, unreturnedConnectionTimeout -> 0, usesTraditionalReflectiveProxies -> false; userOverrides: {} ], dataSourceName -> null, factoryClassLocation -> null, identityToken -> 2sa57i9qz8ejpvkofban|1d7f295e, numHelperThreads -> 3 ]
 2017-09-14 14:03:05,826: Dialect[line:130]: HHH000400: Using dialect: org.hibernate.dialect.MySQL5InnoDBDialect
 2017-09-14 14:03:05,833: LobCreatorBuilder[line:120]: HHH000424: Disabling contextual LOB creation as createClob() method threw error : java.lang.reflect.InvocationTargetException
 2017-09-14 14:04:12,991: Version[line:37]: HCANN000001: Hibernate Commons Annotations {4.0.2.Final}
 2017-09-14 14:04:13,012: Version[line:41]: HHH000412: Hibernate Core {4.2.4.Final}
 2017-09-14 14:04:13,020: Environment[line:239]: HHH000206: hibernate.properties not found
 2017-09-14 14:04:13,022: Environment[line:342]: HHH000021: Bytecode provider name : javassist
 2017-09-14 14:04:13,073: Configuration[line:2006]: HHH000043: Configuring from resource: /hibernate.cfg.xml
 2017-09-14 14:04:13,074: Configuration[line:2025]: HHH000040: Configuration resource: /hibernate.cfg.xml
 2017-09-14 14:04:13,160: DTDEntityResolver[line:74]: HHH000223: Recognized obsolete hibernate namespace http://hibernate.sourceforge.net/. Use namespace http://www.hibernate.org/dtd/ instead. Refer to Hibernate 3.6 Migration Guide!
 2017-09-14 14:04:13,194: Configuration[line:728]: HHH000221: Reading mappings from resource: com/lin/pojo/News.hbm.xml
 2017-09-14 14:04:13,234: DTDEntityResolver[line:74]: HHH000223: Recognized obsolete hibernate namespace http://hibernate.sourceforge.net/. Use namespace http://www.hibernate.org/dtd/ instead. Refer to Hibernate 3.6 Migration Guide!
 2017-09-14 14:04:13,313: Configuration[line:728]: HHH000221: Reading mappings from resource: com/lin/pojo/Worker.hbm.xml
 2017-09-14 14:04:13,322: DTDEntityResolver[line:74]: HHH000223: Recognized obsolete hibernate namespace http://hibernate.sourceforge.net/. Use namespace http://www.hibernate.org/dtd/ instead. Refer to Hibernate 3.6 Migration Guide!
 2017-09-14 14:04:13,395: Configuration[line:2147]: HHH000041: Configured SessionFactory: null
 2017-09-14 14:04:18,228: ConnectionProviderInitiator[line:188]: HHH000130: Instantiating explicit connection provider: org.hibernate.service.jdbc.connections.internal.C3P0ConnectionProvider
 2017-09-14 14:04:18,246: C3P0ConnectionProvider[line:128]: HHH010002: C3P0 using driver: com.mysql.jdbc.Driver at URL: jdbc:mysql://localhost:3306/hibernate5
 2017-09-14 14:04:18,247: C3P0ConnectionProvider[line:129]: HHH000046: Connection properties: {user=root, password=****}
 2017-09-14 14:04:18,247: C3P0ConnectionProvider[line:132]: HHH000006: Autocommit mode: false
 2017-09-14 14:04:18,289: MLog[line:92]: MLog clients using log4j logging.
 2017-09-14 14:04:18,633: C3P0Registry[line:216]: Initializing c3p0-0.9.2.1 [built 20-March-2013 10:47:27 +0000; debug? true; trace: 10]
 2017-09-14 14:04:18,950: AbstractPoolBackedDataSource[line:522]: Initializing c3p0 pool... com.mchange.v2.c3p0.PoolBackedDataSource@a1e87830 [ connectionPoolDataSource -> com.mchange.v2.c3p0.WrapperConnectionPoolDataSource@67a2b89f [ acquireIncrement -> 3, acquireRetryAttempts -> 30, acquireRetryDelay -> 1000, autoCommitOnClose -> false, automaticTestTable -> null, breakAfterAcquireFailure -> false, checkoutTimeout -> 0, connectionCustomizerClassName -> null, connectionTesterClassName -> com.mchange.v2.c3p0.impl.DefaultConnectionTester, debugUnreturnedConnectionStackTraces -> false, factoryClassLocation -> null, forceIgnoreUnresolvedTransactions -> false, identityToken -> 2sa57i9qz8g40641bqd2|2dfbba12, idleConnectionTestPeriod -> 0, initialPoolSize -> 3, maxAdministrativeTaskTime -> 0, maxConnectionAge -> 0, maxIdleTime -> 0, maxIdleTimeExcessConnections -> 0, maxPoolSize -> 15, maxStatements -> 0, maxStatementsPerConnection -> 0, minPoolSize -> 3, nestedDataSource -> com.mchange.v2.c3p0.DriverManagerDataSource@2e9be473 [ description -> null, driverClass -> null, factoryClassLocation -> null, identityToken -> 2sa57i9qz8g40641bqd2|7edf6d84, jdbcUrl -> jdbc:mysql://localhost:3306/hibernate5, properties -> {user=******, password=******} ], preferredTestQuery -> null, propertyCycle -> 0, statementCacheNumDeferredCloseThreads -> 0, testConnectionOnCheckin -> false, testConnectionOnCheckout -> false, unreturnedConnectionTimeout -> 0, usesTraditionalReflectiveProxies -> false; userOverrides: {} ], dataSourceName -> null, factoryClassLocation -> null, identityToken -> 2sa57i9qz8g40641bqd2|1684f89c, numHelperThreads -> 3 ]
 2017-09-14 14:04:19,255: Dialect[line:130]: HHH000400: Using dialect: org.hibernate.dialect.MySQL5InnoDBDialect
 2017-09-14 14:04:19,280: LobCreatorBuilder[line:120]: HHH000424: Disabling contextual LOB creation as createClob() method threw error : java.lang.reflect.InvocationTargetException
 2017-09-14 14:05:24,990: Version[line:37]: HCANN000001: Hibernate Commons Annotations {4.0.2.Final}
 2017-09-14 14:05:24,999: Version[line:41]: HHH000412: Hibernate Core {4.2.4.Final}
 2017-09-14 14:05:25,001: Environment[line:239]: HHH000206: hibernate.properties not found
 2017-09-14 14:05:25,002: Environment[line:342]: HHH000021: Bytecode provider name : javassist
 2017-09-14 14:05:25,022: Configuration[line:2006]: HHH000043: Configuring from resource: /hibernate.cfg.xml
 2017-09-14 14:05:25,022: Configuration[line:2025]: HHH000040: Configuration resource: /hibernate.cfg.xml
 2017-09-14 14:05:25,064: DTDEntityResolver[line:74]: HHH000223: Recognized obsolete hibernate namespace http://hibernate.sourceforge.net/. Use namespace http://www.hibernate.org/dtd/ instead. Refer to Hibernate 3.6 Migration Guide!
 2017-09-14 14:05:25,081: Configuration[line:728]: HHH000221: Reading mappings from resource: com/lin/pojo/News.hbm.xml
 2017-09-14 14:05:25,103: DTDEntityResolver[line:74]: HHH000223: Recognized obsolete hibernate namespace http://hibernate.sourceforge.net/. Use namespace http://www.hibernate.org/dtd/ instead. Refer to Hibernate 3.6 Migration Guide!
 2017-09-14 14:05:25,129: Configuration[line:728]: HHH000221: Reading mappings from resource: com/lin/pojo/Worker.hbm.xml
 2017-09-14 14:05:25,132: DTDEntityResolver[line:74]: HHH000223: Recognized obsolete hibernate namespace http://hibernate.sourceforge.net/. Use namespace http://www.hibernate.org/dtd/ instead. Refer to Hibernate 3.6 Migration Guide!
 2017-09-14 14:05:25,151: Configuration[line:2147]: HHH000041: Configured SessionFactory: null
 2017-09-14 14:05:25,193: ConnectionProviderInitiator[line:188]: HHH000130: Instantiating explicit connection provider: org.hibernate.service.jdbc.connections.internal.C3P0ConnectionProvider
 2017-09-14 14:05:25,204: C3P0ConnectionProvider[line:128]: HHH010002: C3P0 using driver: com.mysql.jdbc.Driver at URL: jdbc:mysql://localhost:3306/hibernate5
 2017-09-14 14:05:25,204: C3P0ConnectionProvider[line:129]: HHH000046: Connection properties: {user=root, password=****}
 2017-09-14 14:05:25,205: C3P0ConnectionProvider[line:132]: HHH000006: Autocommit mode: false
 2017-09-14 14:05:25,221: MLog[line:92]: MLog clients using log4j logging.
 2017-09-14 14:05:25,365: C3P0Registry[line:216]: Initializing c3p0-0.9.2.1 [built 20-March-2013 10:47:27 +0000; debug? true; trace: 10]
 2017-09-14 14:05:25,437: AbstractPoolBackedDataSource[line:522]: Initializing c3p0 pool... com.mchange.v2.c3p0.PoolBackedDataSource@535e7fa [ connectionPoolDataSource -> com.mchange.v2.c3p0.WrapperConnectionPoolDataSource@ee6c110d [ acquireIncrement -> 3, acquireRetryAttempts -> 30, acquireRetryDelay -> 1000, autoCommitOnClose -> false, automaticTestTable -> null, breakAfterAcquireFailure -> false, checkoutTimeout -> 0, connectionCustomizerClassName -> null, connectionTesterClassName -> com.mchange.v2.c3p0.impl.DefaultConnectionTester, debugUnreturnedConnectionStackTraces -> false, factoryClassLocation -> null, forceIgnoreUnresolvedTransactions -> false, identityToken -> 2sa57i9qz8hjlsjctpwv|748a8ffb, idleConnectionTestPeriod -> 0, initialPoolSize -> 3, maxAdministrativeTaskTime -> 0, maxConnectionAge -> 0, maxIdleTime -> 0, maxIdleTimeExcessConnections -> 0, maxPoolSize -> 15, maxStatements -> 0, maxStatementsPerConnection -> 0, minPoolSize -> 3, nestedDataSource -> com.mchange.v2.c3p0.DriverManagerDataSource@8f2d92b0 [ description -> null, driverClass -> null, factoryClassLocation -> null, identityToken -> 2sa57i9qz8hjlsjctpwv|185b39e8, jdbcUrl -> jdbc:mysql://localhost:3306/hibernate5, properties -> {user=******, password=******} ], preferredTestQuery -> null, propertyCycle -> 0, statementCacheNumDeferredCloseThreads -> 0, testConnectionOnCheckin -> false, testConnectionOnCheckout -> false, unreturnedConnectionTimeout -> 0, usesTraditionalReflectiveProxies -> false; userOverrides: {} ], dataSourceName -> null, factoryClassLocation -> null, identityToken -> 2sa57i9qz8hjlsjctpwv|320ca662, numHelperThreads -> 3 ]
 2017-09-14 14:05:25,641: Dialect[line:130]: HHH000400: Using dialect: org.hibernate.dialect.MySQL5InnoDBDialect
 2017-09-14 14:05:25,648: LobCreatorBuilder[line:120]: HHH000424: Disabling contextual LOB creation as createClob() method threw error : java.lang.reflect.InvocationTargetException
 2017-09-14 14:07:41,665: Version[line:37]: HCANN000001: Hibernate Commons Annotations {4.0.2.Final}
 2017-09-14 14:07:41,674: Version[line:41]: HHH000412: Hibernate Core {4.2.4.Final}
 2017-09-14 14:07:41,676: Environment[line:239]: HHH000206: hibernate.properties not found
 2017-09-14 14:07:41,678: Environment[line:342]: HHH000021: Bytecode provider name : javassist
 2017-09-14 14:07:41,697: Configuration[line:2006]: HHH000043: Configuring from resource: /hibernate.cfg.xml
 2017-09-14 14:07:41,697: Configuration[line:2025]: HHH000040: Configuration resource: /hibernate.cfg.xml
 2017-09-14 14:07:41,741: DTDEntityResolver[line:74]: HHH000223: Recognized obsolete hibernate namespace http://hibernate.sourceforge.net/. Use namespace http://www.hibernate.org/dtd/ instead. Refer to Hibernate 3.6 Migration Guide!
 2017-09-14 14:07:41,758: Configuration[line:728]: HHH000221: Reading mappings from resource: com/lin/pojo/News.hbm.xml
 2017-09-14 14:07:41,781: DTDEntityResolver[line:74]: HHH000223: Recognized obsolete hibernate namespace http://hibernate.sourceforge.net/. Use namespace http://www.hibernate.org/dtd/ instead. Refer to Hibernate 3.6 Migration Guide!
 2017-09-14 14:07:41,808: Configuration[line:728]: HHH000221: Reading mappings from resource: com/lin/pojo/Worker.hbm.xml
 2017-09-14 14:07:41,811: DTDEntityResolver[line:74]: HHH000223: Recognized obsolete hibernate namespace http://hibernate.sourceforge.net/. Use namespace http://www.hibernate.org/dtd/ instead. Refer to Hibernate 3.6 Migration Guide!
 2017-09-14 14:07:41,830: Configuration[line:2147]: HHH000041: Configured SessionFactory: null
 2017-09-14 14:07:41,873: ConnectionProviderInitiator[line:188]: HHH000130: Instantiating explicit connection provider: org.hibernate.service.jdbc.connections.internal.C3P0ConnectionProvider
 2017-09-14 14:07:41,886: C3P0ConnectionProvider[line:128]: HHH010002: C3P0 using driver: com.mysql.jdbc.Driver at URL: jdbc:mysql://localhost:3306/hibernate5
 2017-09-14 14:07:41,886: C3P0ConnectionProvider[line:129]: HHH000046: Connection properties: {user=root, password=****}
 2017-09-14 14:07:41,886: C3P0ConnectionProvider[line:132]: HHH000006: Autocommit mode: false
 2017-09-14 14:07:41,904: MLog[line:92]: MLog clients using log4j logging.
 2017-09-14 14:07:42,049: C3P0Registry[line:216]: Initializing c3p0-0.9.2.1 [built 20-March-2013 10:47:27 +0000; debug? true; trace: 10]
 2017-09-14 14:07:42,127: AbstractPoolBackedDataSource[line:522]: Initializing c3p0 pool... com.mchange.v2.c3p0.PoolBackedDataSource@e09280a5 [ connectionPoolDataSource -> com.mchange.v2.c3p0.WrapperConnectionPoolDataSource@9b53bafe [ acquireIncrement -> 3, acquireRetryAttempts -> 30, acquireRetryDelay -> 1000, autoCommitOnClose -> false, automaticTestTable -> null, breakAfterAcquireFailure -> false, checkoutTimeout -> 0, connectionCustomizerClassName -> null, connectionTesterClassName -> com.mchange.v2.c3p0.impl.DefaultConnectionTester, debugUnreturnedConnectionStackTraces -> false, factoryClassLocation -> null, forceIgnoreUnresolvedTransactions -> false, identityToken -> 2sa57i9qz8kh2o1wsmdb2|ff368e0, idleConnectionTestPeriod -> 0, initialPoolSize -> 3, maxAdministrativeTaskTime -> 0, maxConnectionAge -> 0, maxIdleTime -> 0, maxIdleTimeExcessConnections -> 0, maxPoolSize -> 15, maxStatements -> 0, maxStatementsPerConnection -> 0, minPoolSize -> 3, nestedDataSource -> com.mchange.v2.c3p0.DriverManagerDataSource@5ce44756 [ description -> null, driverClass -> null, factoryClassLocation -> null, identityToken -> 2sa57i9qz8kh2o1wsmdb2|5fcab519, jdbcUrl -> jdbc:mysql://localhost:3306/hibernate5, properties -> {user=******, password=******} ], preferredTestQuery -> null, propertyCycle -> 0, statementCacheNumDeferredCloseThreads -> 0, testConnectionOnCheckin -> false, testConnectionOnCheckout -> false, unreturnedConnectionTimeout -> 0, usesTraditionalReflectiveProxies -> false; userOverrides: {} ], dataSourceName -> null, factoryClassLocation -> null, identityToken -> 2sa57i9qz8kh2o1wsmdb2|2f82658f, numHelperThreads -> 3 ]
 2017-09-14 14:07:42,336: Dialect[line:130]: HHH000400: Using dialect: org.hibernate.dialect.MySQL5InnoDBDialect
 2017-09-14 14:07:42,344: LobCreatorBuilder[line:120]: HHH000424: Disabling contextual LOB creation as createClob() method threw error : java.lang.reflect.InvocationTargetException
 2017-09-14 14:08:29,693: Version[line:37]: HCANN000001: Hibernate Commons Annotations {4.0.2.Final}
 2017-09-14 14:08:29,700: Version[line:41]: HHH000412: Hibernate Core {4.2.4.Final}
 2017-09-14 14:08:29,702: Environment[line:239]: HHH000206: hibernate.properties not found
 2017-09-14 14:08:29,704: Environment[line:342]: HHH000021: Bytecode provider name : javassist
 2017-09-14 14:08:29,722: Configuration[line:2006]: HHH000043: Configuring from resource: /hibernate.cfg.xml
 2017-09-14 14:08:29,722: Configuration[line:2025]: HHH000040: Configuration resource: /hibernate.cfg.xml
 2017-09-14 14:08:29,761: DTDEntityResolver[line:74]: HHH000223: Recognized obsolete hibernate namespace http://hibernate.sourceforge.net/. Use namespace http://www.hibernate.org/dtd/ instead. Refer to Hibernate 3.6 Migration Guide!
 2017-09-14 14:08:29,779: Configuration[line:728]: HHH000221: Reading mappings from resource: com/lin/pojo/News.hbm.xml
 2017-09-14 14:08:29,798: DTDEntityResolver[line:74]: HHH000223: Recognized obsolete hibernate namespace http://hibernate.sourceforge.net/. Use namespace http://www.hibernate.org/dtd/ instead. Refer to Hibernate 3.6 Migration Guide!
 2017-09-14 14:08:29,823: Configuration[line:728]: HHH000221: Reading mappings from resource: com/lin/pojo/Worker.hbm.xml
 2017-09-14 14:08:29,825: DTDEntityResolver[line:74]: HHH000223: Recognized obsolete hibernate namespace http://hibernate.sourceforge.net/. Use namespace http://www.hibernate.org/dtd/ instead. Refer to Hibernate 3.6 Migration Guide!
 2017-09-14 14:08:29,843: Configuration[line:2147]: HHH000041: Configured SessionFactory: null
 2017-09-14 14:08:29,881: ConnectionProviderInitiator[line:188]: HHH000130: Instantiating explicit connection provider: org.hibernate.service.jdbc.connections.internal.C3P0ConnectionProvider
 2017-09-14 14:08:29,893: C3P0ConnectionProvider[line:128]: HHH010002: C3P0 using driver: com.mysql.jdbc.Driver at URL: jdbc:mysql://localhost:3306/hibernate5
 2017-09-14 14:08:29,893: C3P0ConnectionProvider[line:129]: HHH000046: Connection properties: {user=root, password=****}
 2017-09-14 14:08:29,893: C3P0ConnectionProvider[line:132]: HHH000006: Autocommit mode: false
 2017-09-14 14:08:29,909: MLog[line:92]: MLog clients using log4j logging.
 2017-09-14 14:08:30,054: C3P0Registry[line:216]: Initializing c3p0-0.9.2.1 [built 20-March-2013 10:47:27 +0000; debug? true; trace: 10]
 2017-09-14 14:08:30,123: AbstractPoolBackedDataSource[line:522]: Initializing c3p0 pool... com.mchange.v2.c3p0.PoolBackedDataSource@1f7919a2 [ connectionPoolDataSource -> com.mchange.v2.c3p0.WrapperConnectionPoolDataSource@ec534eb8 [ acquireIncrement -> 3, acquireRetryAttempts -> 30, acquireRetryDelay -> 1000, autoCommitOnClose -> false, automaticTestTable -> null, breakAfterAcquireFailure -> false, checkoutTimeout -> 0, connectionCustomizerClassName -> null, connectionTesterClassName -> com.mchange.v2.c3p0.impl.DefaultConnectionTester, debugUnreturnedConnectionStackTraces -> false, factoryClassLocation -> null, forceIgnoreUnresolvedTransactions -> false, identityToken -> 2sa57i9qz8li46184nhs4|7bff713e, idleConnectionTestPeriod -> 0, initialPoolSize -> 3, maxAdministrativeTaskTime -> 0, maxConnectionAge -> 0, maxIdleTime -> 0, maxIdleTimeExcessConnections -> 0, maxPoolSize -> 15, maxStatements -> 0, maxStatementsPerConnection -> 0, minPoolSize -> 3, nestedDataSource -> com.mchange.v2.c3p0.DriverManagerDataSource@ca7ab34b [ description -> null, driverClass -> null, factoryClassLocation -> null, identityToken -> 2sa57i9qz8li46184nhs4|61573b80, jdbcUrl -> jdbc:mysql://localhost:3306/hibernate5, properties -> {user=******, password=******} ], preferredTestQuery -> null, propertyCycle -> 0, statementCacheNumDeferredCloseThreads -> 0, testConnectionOnCheckin -> false, testConnectionOnCheckout -> false, unreturnedConnectionTimeout -> 0, usesTraditionalReflectiveProxies -> false; userOverrides: {} ], dataSourceName -> null, factoryClassLocation -> null, identityToken -> 2sa57i9qz8li46184nhs4|c3c6143, numHelperThreads -> 3 ]
 2017-09-14 14:08:30,316: Dialect[line:130]: HHH000400: Using dialect: org.hibernate.dialect.MySQL5InnoDBDialect
 2017-09-14 14:08:30,324: LobCreatorBuilder[line:120]: HHH000424: Disabling contextual LOB creation as createClob() method threw error : java.lang.reflect.InvocationTargetException
 2017-09-14 14:08:45,341: Version[line:37]: HCANN000001: Hibernate Commons Annotations {4.0.2.Final}
 2017-09-14 14:08:45,349: Version[line:41]: HHH000412: Hibernate Core {4.2.4.Final}
 2017-09-14 14:08:45,351: Environment[line:239]: HHH000206: hibernate.properties not found
 2017-09-14 14:08:45,352: Environment[line:342]: HHH000021: Bytecode provider name : javassist
 2017-09-14 14:08:45,370: Configuration[line:2006]: HHH000043: Configuring from resource: /hibernate.cfg.xml
 2017-09-14 14:08:45,370: Configuration[line:2025]: HHH000040: Configuration resource: /hibernate.cfg.xml
 2017-09-14 14:08:45,410: DTDEntityResolver[line:74]: HHH000223: Recognized obsolete hibernate namespace http://hibernate.sourceforge.net/. Use namespace http://www.hibernate.org/dtd/ instead. Refer to Hibernate 3.6 Migration Guide!
 2017-09-14 14:08:45,427: Configuration[line:728]: HHH000221: Reading mappings from resource: com/lin/pojo/Worker.hbm.xml
 2017-09-14 14:08:45,447: DTDEntityResolver[line:74]: HHH000223: Recognized obsolete hibernate namespace http://hibernate.sourceforge.net/. Use namespace http://www.hibernate.org/dtd/ instead. Refer to Hibernate 3.6 Migration Guide!
 2017-09-14 14:08:45,470: Configuration[line:2147]: HHH000041: Configured SessionFactory: null
 2017-09-14 14:08:45,506: ConnectionProviderInitiator[line:188]: HHH000130: Instantiating explicit connection provider: org.hibernate.service.jdbc.connections.internal.C3P0ConnectionProvider
 2017-09-14 14:08:45,516: C3P0ConnectionProvider[line:128]: HHH010002: C3P0 using driver: com.mysql.jdbc.Driver at URL: jdbc:mysql://localhost:3306/hibernate5
 2017-09-14 14:08:45,517: C3P0ConnectionProvider[line:129]: HHH000046: Connection properties: {user=root, password=****}
 2017-09-14 14:08:45,517: C3P0ConnectionProvider[line:132]: HHH000006: Autocommit mode: false
 2017-09-14 14:08:45,530: MLog[line:92]: MLog clients using log4j logging.
 2017-09-14 14:08:45,674: C3P0Registry[line:216]: Initializing c3p0-0.9.2.1 [built 20-March-2013 10:47:27 +0000; debug? true; trace: 10]
 2017-09-14 14:08:45,740: AbstractPoolBackedDataSource[line:522]: Initializing c3p0 pool... com.mchange.v2.c3p0.PoolBackedDataSource@ec9c9e5e [ connectionPoolDataSource -> com.mchange.v2.c3p0.WrapperConnectionPoolDataSource@d777ab5 [ acquireIncrement -> 3, acquireRetryAttempts -> 30, acquireRetryDelay -> 1000, autoCommitOnClose -> false, automaticTestTable -> null, breakAfterAcquireFailure -> false, checkoutTimeout -> 0, connectionCustomizerClassName -> null, connectionTesterClassName -> com.mchange.v2.c3p0.impl.DefaultConnectionTester, debugUnreturnedConnectionStackTraces -> false, factoryClassLocation -> null, forceIgnoreUnresolvedTransactions -> false, identityToken -> 2sa57i9qz8lu611tbzunn|1d1669f2, idleConnectionTestPeriod -> 0, initialPoolSize -> 3, maxAdministrativeTaskTime -> 0, maxConnectionAge -> 0, maxIdleTime -> 0, maxIdleTimeExcessConnections -> 0, maxPoolSize -> 15, maxStatements -> 0, maxStatementsPerConnection -> 0, minPoolSize -> 3, nestedDataSource -> com.mchange.v2.c3p0.DriverManagerDataSource@a2ce5dbd [ description -> null, driverClass -> null, factoryClassLocation -> null, identityToken -> 2sa57i9qz8lu611tbzunn|30df3bd5, jdbcUrl -> jdbc:mysql://localhost:3306/hibernate5, properties -> {user=******, password=******} ], preferredTestQuery -> null, propertyCycle -> 0, statementCacheNumDeferredCloseThreads -> 0, testConnectionOnCheckin -> false, testConnectionOnCheckout -> false, unreturnedConnectionTimeout -> 0, usesTraditionalReflectiveProxies -> false; userOverrides: {} ], dataSourceName -> null, factoryClassLocation -> null, identityToken -> 2sa57i9qz8lu611tbzunn|53bc21, numHelperThreads -> 3 ]
 2017-09-14 14:08:45,937: Dialect[line:130]: HHH000400: Using dialect: org.hibernate.dialect.MySQL5InnoDBDialect
 2017-09-14 14:08:45,944: LobCreatorBuilder[line:120]: HHH000424: Disabling contextual LOB creation as createClob() method threw error : java.lang.reflect.InvocationTargetException
 2017-09-14 14:09:47,114: Version[line:37]: HCANN000001: Hibernate Commons Annotations {4.0.2.Final}
 2017-09-14 14:09:47,123: Version[line:41]: HHH000412: Hibernate Core {4.2.4.Final}
 2017-09-14 14:09:47,127: Environment[line:239]: HHH000206: hibernate.properties not found
 2017-09-14 14:09:47,128: Environment[line:342]: HHH000021: Bytecode provider name : javassist
 2017-09-14 14:09:47,147: Configuration[line:2006]: HHH000043: Configuring from resource: /hibernate.cfg.xml
 2017-09-14 14:09:47,147: Configuration[line:2025]: HHH000040: Configuration resource: /hibernate.cfg.xml
 2017-09-14 14:09:47,192: DTDEntityResolver[line:74]: HHH000223: Recognized obsolete hibernate namespace http://hibernate.sourceforge.net/. Use namespace http://www.hibernate.org/dtd/ instead. Refer to Hibernate 3.6 Migration Guide!
 2017-09-14 14:09:47,209: Configuration[line:728]: HHH000221: Reading mappings from resource: com/lin/pojo/News.hbm.xml
 2017-09-14 14:09:47,229: DTDEntityResolver[line:74]: HHH000223: Recognized obsolete hibernate namespace http://hibernate.sourceforge.net/. Use namespace http://www.hibernate.org/dtd/ instead. Refer to Hibernate 3.6 Migration Guide!
 2017-09-14 14:09:47,253: Configuration[line:728]: HHH000221: Reading mappings from resource: com/lin/pojo/Worker.hbm.xml
 2017-09-14 14:09:47,255: DTDEntityResolver[line:74]: HHH000223: Recognized obsolete hibernate namespace http://hibernate.sourceforge.net/. Use namespace http://www.hibernate.org/dtd/ instead. Refer to Hibernate 3.6 Migration Guide!
 2017-09-14 14:09:47,276: Configuration[line:2147]: HHH000041: Configured SessionFactory: null
 2017-09-14 14:09:47,313: ConnectionProviderInitiator[line:188]: HHH000130: Instantiating explicit connection provider: org.hibernate.service.jdbc.connections.internal.C3P0ConnectionProvider
 2017-09-14 14:09:47,324: C3P0ConnectionProvider[line:128]: HHH010002: C3P0 using driver: com.mysql.jdbc.Driver at URL: jdbc:mysql://localhost:3306/hibernate5
 2017-09-14 14:09:47,324: C3P0ConnectionProvider[line:129]: HHH000046: Connection properties: {user=root, password=****}
 2017-09-14 14:09:47,324: C3P0ConnectionProvider[line:132]: HHH000006: Autocommit mode: false
 2017-09-14 14:09:47,340: MLog[line:92]: MLog clients using log4j logging.
 2017-09-14 14:09:47,473: C3P0Registry[line:216]: Initializing c3p0-0.9.2.1 [built 20-March-2013 10:47:27 +0000; debug? true; trace: 10]
 2017-09-14 14:09:47,539: AbstractPoolBackedDataSource[line:522]: Initializing c3p0 pool... com.mchange.v2.c3p0.PoolBackedDataSource@aa03b209 [ connectionPoolDataSource -> com.mchange.v2.c3p0.WrapperConnectionPoolDataSource@3b579cce [ acquireIncrement -> 2, acquireRetryAttempts -> 30, acquireRetryDelay -> 1000, autoCommitOnClose -> false, automaticTestTable -> null, breakAfterAcquireFailure -> false, checkoutTimeout -> 0, connectionCustomizerClassName -> null, connectionTesterClassName -> com.mchange.v2.c3p0.impl.DefaultConnectionTester, debugUnreturnedConnectionStackTraces -> false, factoryClassLocation -> null, forceIgnoreUnresolvedTransactions -> false, identityToken -> 2sa57i9qz8n5uy7wm3c7|7bff713e, idleConnectionTestPeriod -> 1000, initialPoolSize -> 5, maxAdministrativeTaskTime -> 0, maxConnectionAge -> 0, maxIdleTime -> 0, maxIdleTimeExcessConnections -> 0, maxPoolSize -> 10, maxStatements -> 1000, maxStatementsPerConnection -> 0, minPoolSize -> 5, nestedDataSource -> com.mchange.v2.c3p0.DriverManagerDataSource@197f0161 [ description -> null, driverClass -> null, factoryClassLocation -> null, identityToken -> 2sa57i9qz8n5uy7wm3c7|61573b80, jdbcUrl -> jdbc:mysql://localhost:3306/hibernate5, properties -> {user=******, password=******} ], preferredTestQuery -> null, propertyCycle -> 0, statementCacheNumDeferredCloseThreads -> 0, testConnectionOnCheckin -> false, testConnectionOnCheckout -> false, unreturnedConnectionTimeout -> 0, usesTraditionalReflectiveProxies -> false; userOverrides: {} ], dataSourceName -> null, factoryClassLocation -> null, identityToken -> 2sa57i9qz8n5uy7wm3c7|26919207, numHelperThreads -> 3 ]
 2017-09-14 14:09:47,740: Dialect[line:130]: HHH000400: Using dialect: org.hibernate.dialect.MySQL5InnoDBDialect
 2017-09-14 14:09:47,747: LobCreatorBuilder[line:120]: HHH000424: Disabling contextual LOB creation as createClob() method threw error : java.lang.reflect.InvocationTargetException
 2017-09-14 14:09:55,864: Version[line:37]: HCANN000001: Hibernate Commons Annotations {4.0.2.Final}
 2017-09-14 14:09:55,872: Version[line:41]: HHH000412: Hibernate Core {4.2.4.Final}
 2017-09-14 14:09:55,874: Environment[line:239]: HHH000206: hibernate.properties not found
 2017-09-14 14:09:55,875: Environment[line:342]: HHH000021: Bytecode provider name : javassist
 2017-09-14 14:09:55,893: Configuration[line:2006]: HHH000043: Configuring from resource: /hibernate.cfg.xml
 2017-09-14 14:09:55,893: Configuration[line:2025]: HHH000040: Configuration resource: /hibernate.cfg.xml
 2017-09-14 14:09:55,935: DTDEntityResolver[line:74]: HHH000223: Recognized obsolete hibernate namespace http://hibernate.sourceforge.net/. Use namespace http://www.hibernate.org/dtd/ instead. Refer to Hibernate 3.6 Migration Guide!
 2017-09-14 14:09:55,953: Configuration[line:728]: HHH000221: Reading mappings from resource: com/lin/pojo/News.hbm.xml
 2017-09-14 14:09:55,973: DTDEntityResolver[line:74]: HHH000223: Recognized obsolete hibernate namespace http://hibernate.sourceforge.net/. Use namespace http://www.hibernate.org/dtd/ instead. Refer to Hibernate 3.6 Migration Guide!
 2017-09-14 14:09:55,997: Configuration[line:728]: HHH000221: Reading mappings from resource: com/lin/pojo/Worker.hbm.xml
 2017-09-14 14:09:55,999: DTDEntityResolver[line:74]: HHH000223: Recognized obsolete hibernate namespace http://hibernate.sourceforge.net/. Use namespace http://www.hibernate.org/dtd/ instead. Refer to Hibernate 3.6 Migration Guide!
 2017-09-14 14:09:56,015: Configuration[line:2147]: HHH000041: Configured SessionFactory: null
 2017-09-14 14:09:56,052: ConnectionProviderInitiator[line:188]: HHH000130: Instantiating explicit connection provider: org.hibernate.service.jdbc.connections.internal.C3P0ConnectionProvider
 2017-09-14 14:09:56,064: C3P0ConnectionProvider[line:128]: HHH010002: C3P0 using driver: com.mysql.jdbc.Driver at URL: jdbc:mysql://localhost:3306/hibernate5
 2017-09-14 14:09:56,065: C3P0ConnectionProvider[line:129]: HHH000046: Connection properties: {user=root, password=****}
 2017-09-14 14:09:56,065: C3P0ConnectionProvider[line:132]: HHH000006: Autocommit mode: false
 2017-09-14 14:09:56,081: MLog[line:92]: MLog clients using log4j logging.
 2017-09-14 14:09:56,219: C3P0Registry[line:216]: Initializing c3p0-0.9.2.1 [built 20-March-2013 10:47:27 +0000; debug? true; trace: 10]
 2017-09-14 14:09:56,287: AbstractPoolBackedDataSource[line:522]: Initializing c3p0 pool... com.mchange.v2.c3p0.PoolBackedDataSource@56a195a4 [ connectionPoolDataSource -> com.mchange.v2.c3p0.WrapperConnectionPoolDataSource@6ac84438 [ acquireIncrement -> 2, acquireRetryAttempts -> 30, acquireRetryDelay -> 1000, autoCommitOnClose -> false, automaticTestTable -> null, breakAfterAcquireFailure -> false, checkoutTimeout -> 0, connectionCustomizerClassName -> null, connectionTesterClassName -> com.mchange.v2.c3p0.impl.DefaultConnectionTester, debugUnreturnedConnectionStackTraces -> false, factoryClassLocation -> null, forceIgnoreUnresolvedTransactions -> false, identityToken -> 2sa57i9qz8nclt1qq8yqf|c2a4ec6, idleConnectionTestPeriod -> 1000, initialPoolSize -> 5, maxAdministrativeTaskTime -> 0, maxConnectionAge -> 0, maxIdleTime -> 0, maxIdleTimeExcessConnections -> 0, maxPoolSize -> 10, maxStatements -> 1000, maxStatementsPerConnection -> 0, minPoolSize -> 5, nestedDataSource -> com.mchange.v2.c3p0.DriverManagerDataSource@6c46da13 [ description -> null, driverClass -> null, factoryClassLocation -> null, identityToken -> 2sa57i9qz8nclt1qq8yqf|c1e1401, jdbcUrl -> jdbc:mysql://localhost:3306/hibernate5, properties -> {user=******, password=******} ], preferredTestQuery -> null, propertyCycle -> 0, statementCacheNumDeferredCloseThreads -> 0, testConnectionOnCheckin -> false, testConnectionOnCheckout -> false, unreturnedConnectionTimeout -> 0, usesTraditionalReflectiveProxies -> false; userOverrides: {} ], dataSourceName -> null, factoryClassLocation -> null, identityToken -> 2sa57i9qz8nclt1qq8yqf|5e72bcaa, numHelperThreads -> 3 ]
 2017-09-14 14:09:56,486: Dialect[line:130]: HHH000400: Using dialect: org.hibernate.dialect.MySQL5InnoDBDialect
 2017-09-14 14:09:56,494: LobCreatorBuilder[line:120]: HHH000424: Disabling contextual LOB creation as createClob() method threw error : java.lang.reflect.InvocationTargetException
 2017-09-14 14:10:37,693: Version[line:37]: HCANN000001: Hibernate Commons Annotations {4.0.2.Final}
 2017-09-14 14:10:37,703: Version[line:41]: HHH000412: Hibernate Core {4.2.4.Final}
 2017-09-14 14:10:37,705: Environment[line:239]: HHH000206: hibernate.properties not found
 2017-09-14 14:10:37,707: Environment[line:342]: HHH000021: Bytecode provider name : javassist
 2017-09-14 14:10:37,727: Configuration[line:2006]: HHH000043: Configuring from resource: /hibernate.cfg.xml
 2017-09-14 14:10:37,727: Configuration[line:2025]: HHH000040: Configuration resource: /hibernate.cfg.xml
 2017-09-14 14:10:37,774: DTDEntityResolver[line:74]: HHH000223: Recognized obsolete hibernate namespace http://hibernate.sourceforge.net/. Use namespace http://www.hibernate.org/dtd/ instead. Refer to Hibernate 3.6 Migration Guide!
 2017-09-14 14:10:37,792: Configuration[line:728]: HHH000221: Reading mappings from resource: com/lin/pojo/News.hbm.xml
 2017-09-14 14:10:37,818: DTDEntityResolver[line:74]: HHH000223: Recognized obsolete hibernate namespace http://hibernate.sourceforge.net/. Use namespace http://www.hibernate.org/dtd/ instead. Refer to Hibernate 3.6 Migration Guide!
 2017-09-14 14:10:37,846: Configuration[line:728]: HHH000221: Reading mappings from resource: com/lin/pojo/Worker.hbm.xml
 2017-09-14 14:10:37,848: DTDEntityResolver[line:74]: HHH000223: Recognized obsolete hibernate namespace http://hibernate.sourceforge.net/. Use namespace http://www.hibernate.org/dtd/ instead. Refer to Hibernate 3.6 Migration Guide!
 2017-09-14 14:10:37,867: Configuration[line:2147]: HHH000041: Configured SessionFactory: null
 2017-09-14 14:10:37,908: ConnectionProviderInitiator[line:188]: HHH000130: Instantiating explicit connection provider: org.hibernate.service.jdbc.connections.internal.C3P0ConnectionProvider
 2017-09-14 14:10:37,919: C3P0ConnectionProvider[line:128]: HHH010002: C3P0 using driver: com.mysql.jdbc.Driver at URL: jdbc:mysql://localhost:3306/hibernate5
 2017-09-14 14:10:37,920: C3P0ConnectionProvider[line:129]: HHH000046: Connection properties: {user=root, password=****}
 2017-09-14 14:10:37,920: C3P0ConnectionProvider[line:132]: HHH000006: Autocommit mode: false
 2017-09-14 14:10:37,937: MLog[line:92]: MLog clients using log4j logging.
 2017-09-14 14:10:38,093: C3P0Registry[line:216]: Initializing c3p0-0.9.2.1 [built 20-March-2013 10:47:27 +0000; debug? true; trace: 10]
 2017-09-14 14:10:38,172: AbstractPoolBackedDataSource[line:522]: Initializing c3p0 pool... com.mchange.v2.c3p0.PoolBackedDataSource@54c0cc83 [ connectionPoolDataSource -> com.mchange.v2.c3p0.WrapperConnectionPoolDataSource@cfffa27f [ acquireIncrement -> 2, acquireRetryAttempts -> 30, acquireRetryDelay -> 1000, autoCommitOnClose -> false, automaticTestTable -> null, breakAfterAcquireFailure -> false, checkoutTimeout -> 0, connectionCustomizerClassName -> null, connectionTesterClassName -> com.mchange.v2.c3p0.impl.DefaultConnectionTester, debugUnreturnedConnectionStackTraces -> false, factoryClassLocation -> null, forceIgnoreUnresolvedTransactions -> false, identityToken -> 2sa57i9qz8o8wg1srtsil|ff368e0, idleConnectionTestPeriod -> 1000, initialPoolSize -> 5, maxAdministrativeTaskTime -> 0, maxConnectionAge -> 0, maxIdleTime -> 0, maxIdleTimeExcessConnections -> 0, maxPoolSize -> 10, maxStatements -> 1000, maxStatementsPerConnection -> 0, minPoolSize -> 5, nestedDataSource -> com.mchange.v2.c3p0.DriverManagerDataSource@bdb54ff5 [ description -> null, driverClass -> null, factoryClassLocation -> null, identityToken -> 2sa57i9qz8o8wg1srtsil|5fcab519, jdbcUrl -> jdbc:mysql://localhost:3306/hibernate5, properties -> {user=******, password=******} ], preferredTestQuery -> null, propertyCycle -> 0, statementCacheNumDeferredCloseThreads -> 0, testConnectionOnCheckin -> false, testConnectionOnCheckout -> false, unreturnedConnectionTimeout -> 0, usesTraditionalReflectiveProxies -> false; userOverrides: {} ], dataSourceName -> null, factoryClassLocation -> null, identityToken -> 2sa57i9qz8o8wg1srtsil|8d2e319, numHelperThreads -> 3 ]
 2017-09-14 14:10:38,395: Dialect[line:130]: HHH000400: Using dialect: org.hibernate.dialect.MySQL5InnoDBDialect
 2017-09-14 14:10:38,402: LobCreatorBuilder[line:120]: HHH000424: Disabling contextual LOB creation as createClob() method threw error : java.lang.reflect.InvocationTargetException
 2017-09-14 14:11:28,019: Version[line:37]: HCANN000001: Hibernate Commons Annotations {4.0.2.Final}
 2017-09-14 14:11:28,028: Version[line:41]: HHH000412: Hibernate Core {4.2.4.Final}
 2017-09-14 14:11:28,031: Environment[line:239]: HHH000206: hibernate.properties not found
 2017-09-14 14:11:28,033: Environment[line:342]: HHH000021: Bytecode provider name : javassist
 2017-09-14 14:11:28,052: Configuration[line:2006]: HHH000043: Configuring from resource: /hibernate.cfg.xml
 2017-09-14 14:11:28,053: Configuration[line:2025]: HHH000040: Configuration resource: /hibernate.cfg.xml
 2017-09-14 14:11:28,100: DTDEntityResolver[line:74]: HHH000223: Recognized obsolete hibernate namespace http://hibernate.sourceforge.net/. Use namespace http://www.hibernate.org/dtd/ instead. Refer to Hibernate 3.6 Migration Guide!
 2017-09-14 14:11:28,118: Configuration[line:728]: HHH000221: Reading mappings from resource: com/lin/pojo/News.hbm.xml
 2017-09-14 14:11:28,142: DTDEntityResolver[line:74]: HHH000223: Recognized obsolete hibernate namespace http://hibernate.sourceforge.net/. Use namespace http://www.hibernate.org/dtd/ instead. Refer to Hibernate 3.6 Migration Guide!
 2017-09-14 14:11:28,169: Configuration[line:2147]: HHH000041: Configured SessionFactory: null
 2017-09-14 14:11:28,208: ConnectionProviderInitiator[line:188]: HHH000130: Instantiating explicit connection provider: org.hibernate.service.jdbc.connections.internal.C3P0ConnectionProvider
 2017-09-14 14:11:28,219: C3P0ConnectionProvider[line:128]: HHH010002: C3P0 using driver: com.mysql.jdbc.Driver at URL: jdbc:mysql://localhost:3306/hibernate5
 2017-09-14 14:11:28,220: C3P0ConnectionProvider[line:129]: HHH000046: Connection properties: {user=root, password=****}
 2017-09-14 14:11:28,220: C3P0ConnectionProvider[line:132]: HHH000006: Autocommit mode: false
 2017-09-14 14:11:28,235: MLog[line:92]: MLog clients using log4j logging.
 2017-09-14 14:11:28,379: C3P0Registry[line:216]: Initializing c3p0-0.9.2.1 [built 20-March-2013 10:47:27 +0000; debug? true; trace: 10]
 2017-09-14 14:11:28,462: AbstractPoolBackedDataSource[line:522]: Initializing c3p0 pool... com.mchange.v2.c3p0.PoolBackedDataSource@86bf2277 [ connectionPoolDataSource -> com.mchange.v2.c3p0.WrapperConnectionPoolDataSource@e1bf0825 [ acquireIncrement -> 2, acquireRetryAttempts -> 30, acquireRetryDelay -> 1000, autoCommitOnClose -> false, automaticTestTable -> null, breakAfterAcquireFailure -> false, checkoutTimeout -> 0, connectionCustomizerClassName -> null, connectionTesterClassName -> com.mchange.v2.c3p0.impl.DefaultConnectionTester, debugUnreturnedConnectionStackTraces -> false, factoryClassLocation -> null, forceIgnoreUnresolvedTransactions -> false, identityToken -> 2sa57i9qz8pbpk1llsjt|7b0fddd7, idleConnectionTestPeriod -> 1000, initialPoolSize -> 5, maxAdministrativeTaskTime -> 0, maxConnectionAge -> 0, maxIdleTime -> 0, maxIdleTimeExcessConnections -> 0, maxPoolSize -> 10, maxStatements -> 1000, maxStatementsPerConnection -> 0, minPoolSize -> 5, nestedDataSource -> com.mchange.v2.c3p0.DriverManagerDataSource@bab7c59b [ description -> null, driverClass -> null, factoryClassLocation -> null, identityToken -> 2sa57i9qz8pbpk1llsjt|4891e63d, jdbcUrl -> jdbc:mysql://localhost:3306/hibernate5, properties -> {user=******, password=******} ], preferredTestQuery -> null, propertyCycle -> 0, statementCacheNumDeferredCloseThreads -> 0, testConnectionOnCheckin -> false, testConnectionOnCheckout -> false, unreturnedConnectionTimeout -> 0, usesTraditionalReflectiveProxies -> false; userOverrides: {} ], dataSourceName -> null, factoryClassLocation -> null, identityToken -> 2sa57i9qz8pbpk1llsjt|4a02ea9, numHelperThreads -> 3 ]
 2017-09-14 14:11:28,674: Dialect[line:130]: HHH000400: Using dialect: org.hibernate.dialect.MySQL5InnoDBDialect
 2017-09-14 14:11:28,682: LobCreatorBuilder[line:120]: HHH000424: Disabling contextual LOB creation as createClob() method threw error : java.lang.reflect.InvocationTargetException
 2017-09-14 14:11:28,736: TransactionFactoryInitiator[line:68]: HHH000399: Using default transaction strategy (direct JDBC transactions)
 2017-09-14 14:11:28,741: ASTQueryTranslatorFactory[line:48]: HHH000397: Using ASTQueryTranslatorFactory
 2017-09-14 14:11:28,894: SchemaExport[line:343]: HHH000227: Running hbm2ddl schema export
 2017-09-14 14:11:30,965: SchemaExport[line:405]: HHH000230: Schema export complete
 2017-09-14 14:15:07,082: Version[line:37]: HCANN000001: Hibernate Commons Annotations {4.0.2.Final}
 2017-09-14 14:15:07,091: Version[line:41]: HHH000412: Hibernate Core {4.2.4.Final}
 2017-09-14 14:15:07,094: Environment[line:239]: HHH000206: hibernate.properties not found
 2017-09-14 14:15:07,096: Environment[line:342]: HHH000021: Bytecode provider name : javassist
 2017-09-14 14:15:07,116: Configuration[line:2006]: HHH000043: Configuring from resource: /hibernate.cfg.xml
 2017-09-14 14:15:07,116: Configuration[line:2025]: HHH000040: Configuration resource: /hibernate.cfg.xml
 2017-09-14 14:15:07,159: DTDEntityResolver[line:74]: HHH000223: Recognized obsolete hibernate namespace http://hibernate.sourceforge.net/. Use namespace http://www.hibernate.org/dtd/ instead. Refer to Hibernate 3.6 Migration Guide!
 2017-09-14 14:15:07,176: Configuration[line:728]: HHH000221: Reading mappings from resource: com/lin/pojo/News.hbm.xml
 2017-09-14 14:15:07,198: DTDEntityResolver[line:74]: HHH000223: Recognized obsolete hibernate namespace http://hibernate.sourceforge.net/. Use namespace http://www.hibernate.org/dtd/ instead. Refer to Hibernate 3.6 Migration Guide!
 2017-09-14 14:15:07,223: Configuration[line:728]: HHH000221: Reading mappings from resource: com/lin/pojo/Worker.hbm.xml
 2017-09-14 14:15:07,226: DTDEntityResolver[line:74]: HHH000223: Recognized obsolete hibernate namespace http://hibernate.sourceforge.net/. Use namespace http://www.hibernate.org/dtd/ instead. Refer to Hibernate 3.6 Migration Guide!
 2017-09-14 14:15:07,245: Configuration[line:2147]: HHH000041: Configured SessionFactory: null
 2017-09-14 14:15:07,288: ConnectionProviderInitiator[line:188]: HHH000130: Instantiating explicit connection provider: org.hibernate.service.jdbc.connections.internal.C3P0ConnectionProvider
 2017-09-14 14:15:07,299: C3P0ConnectionProvider[line:128]: HHH010002: C3P0 using driver: com.mysql.jdbc.Driver at URL: jdbc:mysql://localhost:3306/hibernate5
 2017-09-14 14:15:07,299: C3P0ConnectionProvider[line:129]: HHH000046: Connection properties: {user=root, password=****}
 2017-09-14 14:15:07,299: C3P0ConnectionProvider[line:132]: HHH000006: Autocommit mode: false
 2017-09-14 14:15:07,315: MLog[line:92]: MLog clients using log4j logging.
 2017-09-14 14:15:07,470: C3P0Registry[line:216]: Initializing c3p0-0.9.2.1 [built 20-March-2013 10:47:27 +0000; debug? true; trace: 10]
 2017-09-14 14:15:07,544: AbstractPoolBackedDataSource[line:522]: Initializing c3p0 pool... com.mchange.v2.c3p0.PoolBackedDataSource@75f42064 [ connectionPoolDataSource -> com.mchange.v2.c3p0.WrapperConnectionPoolDataSource@31e16999 [ acquireIncrement -> 2, acquireRetryAttempts -> 30, acquireRetryDelay -> 1000, autoCommitOnClose -> false, automaticTestTable -> null, breakAfterAcquireFailure -> false, checkoutTimeout -> 0, connectionCustomizerClassName -> null, connectionTesterClassName -> com.mchange.v2.c3p0.impl.DefaultConnectionTester, debugUnreturnedConnectionStackTraces -> false, factoryClassLocation -> null, forceIgnoreUnresolvedTransactions -> false, identityToken -> 2sa57i9qz8u0r48ie2fc|2757052e, idleConnectionTestPeriod -> 1000, initialPoolSize -> 5, maxAdministrativeTaskTime -> 0, maxConnectionAge -> 0, maxIdleTime -> 0, maxIdleTimeExcessConnections -> 0, maxPoolSize -> 10, maxStatements -> 1000, maxStatementsPerConnection -> 0, minPoolSize -> 5, nestedDataSource -> com.mchange.v2.c3p0.DriverManagerDataSource@c812646a [ description -> null, driverClass -> null, factoryClassLocation -> null, identityToken -> 2sa57i9qz8u0r48ie2fc|1691d225, jdbcUrl -> jdbc:mysql://localhost:3306/hibernate5, properties -> {user=******, password=******} ], preferredTestQuery -> null, propertyCycle -> 0, statementCacheNumDeferredCloseThreads -> 0, testConnectionOnCheckin -> false, testConnectionOnCheckout -> false, unreturnedConnectionTimeout -> 0, usesTraditionalReflectiveProxies -> false; userOverrides: {} ], dataSourceName -> null, factoryClassLocation -> null, identityToken -> 2sa57i9qz8u0r48ie2fc|7a94f797, numHelperThreads -> 3 ]
 2017-09-14 14:15:07,758: Dialect[line:130]: HHH000400: Using dialect: org.hibernate.dialect.MySQL5InnoDBDialect
 2017-09-14 14:15:07,765: LobCreatorBuilder[line:120]: HHH000424: Disabling contextual LOB creation as createClob() method threw error : java.lang.reflect.InvocationTargetException
 2017-09-14 14:15:25,131: Version[line:37]: HCANN000001: Hibernate Commons Annotations {4.0.2.Final}
 2017-09-14 14:15:25,141: Version[line:41]: HHH000412: Hibernate Core {4.2.4.Final}
 2017-09-14 14:15:25,144: Environment[line:239]: HHH000206: hibernate.properties not found
 2017-09-14 14:15:25,145: Environment[line:342]: HHH000021: Bytecode provider name : javassist
 2017-09-14 14:15:25,166: Configuration[line:2006]: HHH000043: Configuring from resource: /hibernate.cfg.xml
 2017-09-14 14:15:25,166: Configuration[line:2025]: HHH000040: Configuration resource: /hibernate.cfg.xml
 2017-09-14 14:15:25,210: DTDEntityResolver[line:74]: HHH000223: Recognized obsolete hibernate namespace http://hibernate.sourceforge.net/. Use namespace http://www.hibernate.org/dtd/ instead. Refer to Hibernate 3.6 Migration Guide!
 2017-09-14 14:15:25,227: Configuration[line:728]: HHH000221: Reading mappings from resource: com/lin/pojo/News.hbm.xml
 2017-09-14 14:15:25,249: DTDEntityResolver[line:74]: HHH000223: Recognized obsolete hibernate namespace http://hibernate.sourceforge.net/. Use namespace http://www.hibernate.org/dtd/ instead. Refer to Hibernate 3.6 Migration Guide!
 2017-09-14 14:15:25,276: Configuration[line:728]: HHH000221: Reading mappings from resource: com/lin/pojo/Worker.hbm.xml
 2017-09-14 14:15:25,278: DTDEntityResolver[line:74]: HHH000223: Recognized obsolete hibernate namespace http://hibernate.sourceforge.net/. Use namespace http://www.hibernate.org/dtd/ instead. Refer to Hibernate 3.6 Migration Guide!
 2017-09-14 14:15:25,300: Configuration[line:2147]: HHH000041: Configured SessionFactory: null
 2017-09-14 14:15:25,340: ConnectionProviderInitiator[line:188]: HHH000130: Instantiating explicit connection provider: org.hibernate.service.jdbc.connections.internal.C3P0ConnectionProvider
 2017-09-14 14:15:25,351: C3P0ConnectionProvider[line:128]: HHH010002: C3P0 using driver: com.mysql.jdbc.Driver at URL: jdbc:mysql://localhost:3306/hibernate5
 2017-09-14 14:15:25,351: C3P0ConnectionProvider[line:129]: HHH000046: Connection properties: {user=root, password=****}
 2017-09-14 14:15:25,351: C3P0ConnectionProvider[line:132]: HHH000006: Autocommit mode: false
 2017-09-14 14:15:25,366: MLog[line:92]: MLog clients using log4j logging.
 2017-09-14 14:15:25,508: C3P0Registry[line:216]: Initializing c3p0-0.9.2.1 [built 20-March-2013 10:47:27 +0000; debug? true; trace: 10]
 2017-09-14 14:15:25,577: AbstractPoolBackedDataSource[line:522]: Initializing c3p0 pool... com.mchange.v2.c3p0.PoolBackedDataSource@905724a [ connectionPoolDataSource -> com.mchange.v2.c3p0.WrapperConnectionPoolDataSource@50ee0f87 [ acquireIncrement -> 2, acquireRetryAttempts -> 30, acquireRetryDelay -> 1000, autoCommitOnClose -> false, automaticTestTable -> null, breakAfterAcquireFailure -> false, checkoutTimeout -> 0, connectionCustomizerClassName -> null, connectionTesterClassName -> com.mchange.v2.c3p0.impl.DefaultConnectionTester, debugUnreturnedConnectionStackTraces -> false, factoryClassLocation -> null, forceIgnoreUnresolvedTransactions -> false, identityToken -> 2sa57i9qz8ueoh2crhov|2dbdec86, idleConnectionTestPeriod -> 1000, initialPoolSize -> 5, maxAdministrativeTaskTime -> 0, maxConnectionAge -> 0, maxIdleTime -> 0, maxIdleTimeExcessConnections -> 0, maxPoolSize -> 10, maxStatements -> 1000, maxStatementsPerConnection -> 0, minPoolSize -> 5, nestedDataSource -> com.mchange.v2.c3p0.DriverManagerDataSource@84571dbc [ description -> null, driverClass -> null, factoryClassLocation -> null, identityToken -> 2sa57i9qz8ueoh2crhov|7901b7cf, jdbcUrl -> jdbc:mysql://localhost:3306/hibernate5, properties -> {user=******, password=******} ], preferredTestQuery -> null, propertyCycle -> 0, statementCacheNumDeferredCloseThreads -> 0, testConnectionOnCheckin -> false, testConnectionOnCheckout -> false, unreturnedConnectionTimeout -> 0, usesTraditionalReflectiveProxies -> false; userOverrides: {} ], dataSourceName -> null, factoryClassLocation -> null, identityToken -> 2sa57i9qz8ueoh2crhov|70c8b4c0, numHelperThreads -> 3 ]
 2017-09-14 14:15:25,787: Dialect[line:130]: HHH000400: Using dialect: org.hibernate.dialect.MySQL5InnoDBDialect
 2017-09-14 14:15:25,795: LobCreatorBuilder[line:120]: HHH000424: Disabling contextual LOB creation as createClob() method threw error : java.lang.reflect.InvocationTargetException
 2017-09-14 14:15:37,794: Version[line:37]: HCANN000001: Hibernate Commons Annotations {4.0.2.Final}
 2017-09-14 14:15:37,803: Version[line:41]: HHH000412: Hibernate Core {4.2.4.Final}
 2017-09-14 14:15:37,806: Environment[line:239]: HHH000206: hibernate.properties not found
 2017-09-14 14:15:37,808: Environment[line:342]: HHH000021: Bytecode provider name : javassist
 2017-09-14 14:15:37,828: Configuration[line:2006]: HHH000043: Configuring from resource: /hibernate.cfg.xml
 2017-09-14 14:15:37,829: Configuration[line:2025]: HHH000040: Configuration resource: /hibernate.cfg.xml
 2017-09-14 14:15:37,869: DTDEntityResolver[line:74]: HHH000223: Recognized obsolete hibernate namespace http://hibernate.sourceforge.net/. Use namespace http://www.hibernate.org/dtd/ instead. Refer to Hibernate 3.6 Migration Guide!
 2017-09-14 14:15:37,886: Configuration[line:728]: HHH000221: Reading mappings from resource: com/lin/pojo/News.hbm.xml
 2017-09-14 14:15:37,910: DTDEntityResolver[line:74]: HHH000223: Recognized obsolete hibernate namespace http://hibernate.sourceforge.net/. Use namespace http://www.hibernate.org/dtd/ instead. Refer to Hibernate 3.6 Migration Guide!
 2017-09-14 14:15:37,937: Configuration[line:2147]: HHH000041: Configured SessionFactory: null
 2017-09-14 14:15:37,979: ConnectionProviderInitiator[line:188]: HHH000130: Instantiating explicit connection provider: org.hibernate.service.jdbc.connections.internal.C3P0ConnectionProvider
 2017-09-14 14:15:37,990: C3P0ConnectionProvider[line:128]: HHH010002: C3P0 using driver: com.mysql.jdbc.Driver at URL: jdbc:mysql://localhost:3306/hibernate5
 2017-09-14 14:15:37,990: C3P0ConnectionProvider[line:129]: HHH000046: Connection properties: {user=root, password=****}
 2017-09-14 14:15:37,990: C3P0ConnectionProvider[line:132]: HHH000006: Autocommit mode: false
 2017-09-14 14:15:38,005: MLog[line:92]: MLog clients using log4j logging.
 2017-09-14 14:15:38,138: C3P0Registry[line:216]: Initializing c3p0-0.9.2.1 [built 20-March-2013 10:47:27 +0000; debug? true; trace: 10]
 2017-09-14 14:15:38,211: AbstractPoolBackedDataSource[line:522]: Initializing c3p0 pool... com.mchange.v2.c3p0.PoolBackedDataSource@232fa83e [ connectionPoolDataSource -> com.mchange.v2.c3p0.WrapperConnectionPoolDataSource@c3d10026 [ acquireIncrement -> 2, acquireRetryAttempts -> 30, acquireRetryDelay -> 1000, autoCommitOnClose -> false, automaticTestTable -> null, breakAfterAcquireFailure -> false, checkoutTimeout -> 0, connectionCustomizerClassName -> null, connectionTesterClassName -> com.mchange.v2.c3p0.impl.DefaultConnectionTester, debugUnreturnedConnectionStackTraces -> false, factoryClassLocation -> null, forceIgnoreUnresolvedTransactions -> false, identityToken -> 2sa57i9qz8uofi1tmu0hu|1df20f2, idleConnectionTestPeriod -> 1000, initialPoolSize -> 5, maxAdministrativeTaskTime -> 0, maxConnectionAge -> 0, maxIdleTime -> 0, maxIdleTimeExcessConnections -> 0, maxPoolSize -> 10, maxStatements -> 1000, maxStatementsPerConnection -> 0, minPoolSize -> 5, nestedDataSource -> com.mchange.v2.c3p0.DriverManagerDataSource@857b67f4 [ description -> null, driverClass -> null, factoryClassLocation -> null, identityToken -> 2sa57i9qz8uofi1tmu0hu|66447828, jdbcUrl -> jdbc:mysql://localhost:3306/hibernate5, properties -> {user=******, password=******} ], preferredTestQuery -> null, propertyCycle -> 0, statementCacheNumDeferredCloseThreads -> 0, testConnectionOnCheckin -> false, testConnectionOnCheckout -> false, unreturnedConnectionTimeout -> 0, usesTraditionalReflectiveProxies -> false; userOverrides: {} ], dataSourceName -> null, factoryClassLocation -> null, identityToken -> 2sa57i9qz8uofi1tmu0hu|1390d81a, numHelperThreads -> 3 ]
 2017-09-14 14:15:38,422: Dialect[line:130]: HHH000400: Using dialect: org.hibernate.dialect.MySQL5InnoDBDialect
 2017-09-14 14:15:38,429: LobCreatorBuilder[line:120]: HHH000424: Disabling contextual LOB creation as createClob() method threw error : java.lang.reflect.InvocationTargetException
 2017-09-14 14:15:38,480: TransactionFactoryInitiator[line:68]: HHH000399: Using default transaction strategy (direct JDBC transactions)
 2017-09-14 14:15:38,485: ASTQueryTranslatorFactory[line:48]: HHH000397: Using ASTQueryTranslatorFactory
 2017-09-14 14:15:38,633: SchemaExport[line:343]: HHH000227: Running hbm2ddl schema export
 2017-09-14 14:15:39,560: SchemaExport[line:405]: HHH000230: Schema export complete
 2017-09-14 14:15:55,746: Version[line:37]: HCANN000001: Hibernate Commons Annotations {4.0.2.Final}
 2017-09-14 14:15:55,755: Version[line:41]: HHH000412: Hibernate Core {4.2.4.Final}
 2017-09-14 14:15:55,759: Environment[line:239]: HHH000206: hibernate.properties not found
 2017-09-14 14:15:55,760: Environment[line:342]: HHH000021: Bytecode provider name : javassist
 2017-09-14 14:15:55,780: Configuration[line:2006]: HHH000043: Configuring from resource: /hibernate.cfg.xml
 2017-09-14 14:15:55,780: Configuration[line:2025]: HHH000040: Configuration resource: /hibernate.cfg.xml
 2017-09-14 14:15:55,819: DTDEntityResolver[line:74]: HHH000223: Recognized obsolete hibernate namespace http://hibernate.sourceforge.net/. Use namespace http://www.hibernate.org/dtd/ instead. Refer to Hibernate 3.6 Migration Guide!
 2017-09-14 14:15:55,836: Configuration[line:728]: HHH000221: Reading mappings from resource: com/lin/pojo/News.hbm.xml
 2017-09-14 14:15:55,859: DTDEntityResolver[line:74]: HHH000223: Recognized obsolete hibernate namespace http://hibernate.sourceforge.net/. Use namespace http://www.hibernate.org/dtd/ instead. Refer to Hibernate 3.6 Migration Guide!
 2017-09-14 14:15:55,885: Configuration[line:728]: HHH000221: Reading mappings from resource: com/lin/pojo/Worker.hbm.xml
 2017-09-14 14:15:55,887: DTDEntityResolver[line:74]: HHH000223: Recognized obsolete hibernate namespace http://hibernate.sourceforge.net/. Use namespace http://www.hibernate.org/dtd/ instead. Refer to Hibernate 3.6 Migration Guide!
 2017-09-14 14:15:55,907: Configuration[line:2147]: HHH000041: Configured SessionFactory: null
 2017-09-14 14:15:55,946: ConnectionProviderInitiator[line:188]: HHH000130: Instantiating explicit connection provider: org.hibernate.service.jdbc.connections.internal.C3P0ConnectionProvider
 2017-09-14 14:15:55,956: C3P0ConnectionProvider[line:128]: HHH010002: C3P0 using driver: com.mysql.jdbc.Driver at URL: jdbc:mysql://localhost:3306/hibernate5
 2017-09-14 14:15:55,957: C3P0ConnectionProvider[line:129]: HHH000046: Connection properties: {user=root, password=****}
 2017-09-14 14:15:55,957: C3P0ConnectionProvider[line:132]: HHH000006: Autocommit mode: false
 2017-09-14 14:15:55,973: MLog[line:92]: MLog clients using log4j logging.
 2017-09-14 14:15:56,118: C3P0Registry[line:216]: Initializing c3p0-0.9.2.1 [built 20-March-2013 10:47:27 +0000; debug? true; trace: 10]
 2017-09-14 14:15:56,189: AbstractPoolBackedDataSource[line:522]: Initializing c3p0 pool... com.mchange.v2.c3p0.PoolBackedDataSource@1ffa1a87 [ connectionPoolDataSource -> com.mchange.v2.c3p0.WrapperConnectionPoolDataSource@67e2b7c4 [ acquireIncrement -> 2, acquireRetryAttempts -> 30, acquireRetryDelay -> 1000, autoCommitOnClose -> false, automaticTestTable -> null, breakAfterAcquireFailure -> false, checkoutTimeout -> 0, connectionCustomizerClassName -> null, connectionTesterClassName -> com.mchange.v2.c3p0.impl.DefaultConnectionTester, debugUnreturnedConnectionStackTraces -> false, factoryClassLocation -> null, forceIgnoreUnresolvedTransactions -> false, identityToken -> 2sa57i9qz8v2ao1303ncr|2dbdec86, idleConnectionTestPeriod -> 1000, initialPoolSize -> 5, maxAdministrativeTaskTime -> 0, maxConnectionAge -> 0, maxIdleTime -> 0, maxIdleTimeExcessConnections -> 0, maxPoolSize -> 10, maxStatements -> 1000, maxStatementsPerConnection -> 0, minPoolSize -> 5, nestedDataSource -> com.mchange.v2.c3p0.DriverManagerDataSource@9b4bc5f9 [ description -> null, driverClass -> null, factoryClassLocation -> null, identityToken -> 2sa57i9qz8v2ao1303ncr|7901b7cf, jdbcUrl -> jdbc:mysql://localhost:3306/hibernate5, properties -> {user=******, password=******} ], preferredTestQuery -> null, propertyCycle -> 0, statementCacheNumDeferredCloseThreads -> 0, testConnectionOnCheckin -> false, testConnectionOnCheckout -> false, unreturnedConnectionTimeout -> 0, usesTraditionalReflectiveProxies -> false; userOverrides: {} ], dataSourceName -> null, factoryClassLocation -> null, identityToken -> 2sa57i9qz8v2ao1303ncr|70c8b4c0, numHelperThreads -> 3 ]
 2017-09-14 14:15:56,415: Dialect[line:130]: HHH000400: Using dialect: org.hibernate.dialect.MySQL5InnoDBDialect
 2017-09-14 14:15:56,423: LobCreatorBuilder[line:120]: HHH000424: Disabling contextual LOB creation as createClob() method threw error : java.lang.reflect.InvocationTargetException
 2017-09-14 14:17:26,924: Version[line:37]: HCANN000001: Hibernate Commons Annotations {4.0.2.Final}
 2017-09-14 14:17:26,933: Version[line:41]: HHH000412: Hibernate Core {4.2.4.Final}
 2017-09-14 14:17:26,936: Environment[line:239]: HHH000206: hibernate.properties not found
 2017-09-14 14:17:26,937: Environment[line:342]: HHH000021: Bytecode provider name : javassist
 2017-09-14 14:17:26,958: Configuration[line:2006]: HHH000043: Configuring from resource: /hibernate.cfg.xml
 2017-09-14 14:17:26,958: Configuration[line:2025]: HHH000040: Configuration resource: /hibernate.cfg.xml
 2017-09-14 14:17:27,001: DTDEntityResolver[line:74]: HHH000223: Recognized obsolete hibernate namespace http://hibernate.sourceforge.net/. Use namespace http://www.hibernate.org/dtd/ instead. Refer to Hibernate 3.6 Migration Guide!
 2017-09-14 14:17:27,018: Configuration[line:728]: HHH000221: Reading mappings from resource: com/lin/pojo/News.hbm.xml
 2017-09-14 14:17:27,040: DTDEntityResolver[line:74]: HHH000223: Recognized obsolete hibernate namespace http://hibernate.sourceforge.net/. Use namespace http://www.hibernate.org/dtd/ instead. Refer to Hibernate 3.6 Migration Guide!
 2017-09-14 14:17:27,068: Configuration[line:728]: HHH000221: Reading mappings from resource: com/lin/pojo/Worker.hbm.xml
 2017-09-14 14:17:27,070: DTDEntityResolver[line:74]: HHH000223: Recognized obsolete hibernate namespace http://hibernate.sourceforge.net/. Use namespace http://www.hibernate.org/dtd/ instead. Refer to Hibernate 3.6 Migration Guide!
 2017-09-14 14:17:27,093: Configuration[line:2147]: HHH000041: Configured SessionFactory: null
 2017-09-14 14:17:27,132: ConnectionProviderInitiator[line:188]: HHH000130: Instantiating explicit connection provider: org.hibernate.service.jdbc.connections.internal.C3P0ConnectionProvider
 2017-09-14 14:17:27,143: C3P0ConnectionProvider[line:128]: HHH010002: C3P0 using driver: com.mysql.jdbc.Driver at URL: jdbc:mysql://localhost:3306/hibernate5
 2017-09-14 14:17:27,143: C3P0ConnectionProvider[line:129]: HHH000046: Connection properties: {user=root, password=****}
 2017-09-14 14:17:27,143: C3P0ConnectionProvider[line:132]: HHH000006: Autocommit mode: false
 2017-09-14 14:17:27,160: MLog[line:92]: MLog clients using log4j logging.
 2017-09-14 14:17:27,307: C3P0Registry[line:216]: Initializing c3p0-0.9.2.1 [built 20-March-2013 10:47:27 +0000; debug? true; trace: 10]
 2017-09-14 14:17:27,380: AbstractPoolBackedDataSource[line:522]: Initializing c3p0 pool... com.mchange.v2.c3p0.PoolBackedDataSource@44ec32bf [ connectionPoolDataSource -> com.mchange.v2.c3p0.WrapperConnectionPoolDataSource@d97bf4 [ acquireIncrement -> 2, acquireRetryAttempts -> 30, acquireRetryDelay -> 1000, autoCommitOnClose -> false, automaticTestTable -> null, breakAfterAcquireFailure -> false, checkoutTimeout -> 0, connectionCustomizerClassName -> null, connectionTesterClassName -> com.mchange.v2.c3p0.impl.DefaultConnectionTester, debugUnreturnedConnectionStackTraces -> false, factoryClassLocation -> null, forceIgnoreUnresolvedTransactions -> false, identityToken -> 2sa57i9qz8x0nn1ojxfj5|2757052e, idleConnectionTestPeriod -> 1000, initialPoolSize -> 5, maxAdministrativeTaskTime -> 0, maxConnectionAge -> 0, maxIdleTime -> 0, maxIdleTimeExcessConnections -> 0, maxPoolSize -> 10, maxStatements -> 1000, maxStatementsPerConnection -> 0, minPoolSize -> 5, nestedDataSource -> com.mchange.v2.c3p0.DriverManagerDataSource@970a76c5 [ description -> null, driverClass -> null, factoryClassLocation -> null, identityToken -> 2sa57i9qz8x0nn1ojxfj5|1691d225, jdbcUrl -> jdbc:mysql://localhost:3306/hibernate5, properties -> {user=******, password=******} ], preferredTestQuery -> null, propertyCycle -> 0, statementCacheNumDeferredCloseThreads -> 0, testConnectionOnCheckin -> false, testConnectionOnCheckout -> false, unreturnedConnectionTimeout -> 0, usesTraditionalReflectiveProxies -> false; userOverrides: {} ], dataSourceName -> null, factoryClassLocation -> null, identityToken -> 2sa57i9qz8x0nn1ojxfj5|7a94f797, numHelperThreads -> 3 ]
 2017-09-14 14:17:27,589: Dialect[line:130]: HHH000400: Using dialect: org.hibernate.dialect.MySQL5InnoDBDialect
 2017-09-14 14:17:27,597: LobCreatorBuilder[line:120]: HHH000424: Disabling contextual LOB creation as createClob() method threw error : java.lang.reflect.InvocationTargetException
 2017-09-14 14:20:53,623: Version[line:37]: HCANN000001: Hibernate Commons Annotations {4.0.2.Final}
 2017-09-14 14:20:53,632: Version[line:41]: HHH000412: Hibernate Core {4.2.4.Final}
 2017-09-14 14:20:53,634: Environment[line:239]: HHH000206: hibernate.properties not found
 2017-09-14 14:20:53,636: Environment[line:342]: HHH000021: Bytecode provider name : javassist
 2017-09-14 14:20:53,656: Configuration[line:2006]: HHH000043: Configuring from resource: /hibernate.cfg.xml
 2017-09-14 14:20:53,656: Configuration[line:2025]: HHH000040: Configuration resource: /hibernate.cfg.xml
 2017-09-14 14:20:53,697: DTDEntityResolver[line:74]: HHH000223: Recognized obsolete hibernate namespace http://hibernate.sourceforge.net/. Use namespace http://www.hibernate.org/dtd/ instead. Refer to Hibernate 3.6 Migration Guide!
 2017-09-14 14:20:53,715: Configuration[line:728]: HHH000221: Reading mappings from resource: com/lin/pojo/News.hbm.xml
 2017-09-14 14:20:53,736: DTDEntityResolver[line:74]: HHH000223: Recognized obsolete hibernate namespace http://hibernate.sourceforge.net/. Use namespace http://www.hibernate.org/dtd/ instead. Refer to Hibernate 3.6 Migration Guide!
 2017-09-14 14:20:53,764: Configuration[line:728]: HHH000221: Reading mappings from resource: com/lin/pojo/Worker.hbm.xml
 2017-09-14 14:20:53,768: DTDEntityResolver[line:74]: HHH000223: Recognized obsolete hibernate namespace http://hibernate.sourceforge.net/. Use namespace http://www.hibernate.org/dtd/ instead. Refer to Hibernate 3.6 Migration Guide!
 2017-09-14 14:20:53,786: Configuration[line:2147]: HHH000041: Configured SessionFactory: null
 2017-09-14 14:20:53,824: ConnectionProviderInitiator[line:188]: HHH000130: Instantiating explicit connection provider: org.hibernate.service.jdbc.connections.internal.C3P0ConnectionProvider
 2017-09-14 14:20:53,834: C3P0ConnectionProvider[line:128]: HHH010002: C3P0 using driver: com.mysql.jdbc.Driver at URL: jdbc:mysql://localhost:3306/hibernate5
 2017-09-14 14:20:53,834: C3P0ConnectionProvider[line:129]: HHH000046: Connection properties: {user=root, password=****}
 2017-09-14 14:20:53,834: C3P0ConnectionProvider[line:132]: HHH000006: Autocommit mode: false
 2017-09-14 14:20:53,850: MLog[line:92]: MLog clients using log4j logging.
 2017-09-14 14:20:54,001: C3P0Registry[line:216]: Initializing c3p0-0.9.2.1 [built 20-March-2013 10:47:27 +0000; debug? true; trace: 10]
 2017-09-14 14:20:54,071: AbstractPoolBackedDataSource[line:522]: Initializing c3p0 pool... com.mchange.v2.c3p0.PoolBackedDataSource@2bc74eba [ connectionPoolDataSource -> com.mchange.v2.c3p0.WrapperConnectionPoolDataSource@e2d11b24 [ acquireIncrement -> 2, acquireRetryAttempts -> 30, acquireRetryDelay -> 1000, autoCommitOnClose -> false, automaticTestTable -> null, breakAfterAcquireFailure -> false, checkoutTimeout -> 0, connectionCustomizerClassName -> null, connectionTesterClassName -> com.mchange.v2.c3p0.impl.DefaultConnectionTester, debugUnreturnedConnectionStackTraces -> false, factoryClassLocation -> null, forceIgnoreUnresolvedTransactions -> false, identityToken -> 2sa57i9qz91g5211azbvv|4215232f, idleConnectionTestPeriod -> 1000, initialPoolSize -> 5, maxAdministrativeTaskTime -> 0, maxConnectionAge -> 0, maxIdleTime -> 0, maxIdleTimeExcessConnections -> 0, maxPoolSize -> 10, maxStatements -> 1000, maxStatementsPerConnection -> 0, minPoolSize -> 5, nestedDataSource -> com.mchange.v2.c3p0.DriverManagerDataSource@7f343e4b [ description -> null, driverClass -> null, factoryClassLocation -> null, identityToken -> 2sa57i9qz91g5211azbvv|3f7b86b6, jdbcUrl -> jdbc:mysql://localhost:3306/hibernate5, properties -> {user=******, password=******} ], preferredTestQuery -> null, propertyCycle -> 0, statementCacheNumDeferredCloseThreads -> 0, testConnectionOnCheckin -> false, testConnectionOnCheckout -> false, unreturnedConnectionTimeout -> 0, usesTraditionalReflectiveProxies -> false; userOverrides: {} ], dataSourceName -> null, factoryClassLocation -> null, identityToken -> 2sa57i9qz91g5211azbvv|4a0b1960, numHelperThreads -> 3 ]
 2017-09-14 14:20:54,278: Dialect[line:130]: HHH000400: Using dialect: org.hibernate.dialect.MySQL5InnoDBDialect
 2017-09-14 14:20:54,285: LobCreatorBuilder[line:120]: HHH000424: Disabling contextual LOB creation as createClob() method threw error : java.lang.reflect.InvocationTargetException
 2017-09-14 14:20:54,349: TransactionFactoryInitiator[line:68]: HHH000399: Using default transaction strategy (direct JDBC transactions)
 2017-09-14 14:20:54,354: ASTQueryTranslatorFactory[line:48]: HHH000397: Using ASTQueryTranslatorFactory
 2017-09-14 14:20:54,503: SchemaExport[line:343]: HHH000227: Running hbm2ddl schema export
 2017-09-14 14:20:55,822: SchemaExport[line:405]: HHH000230: Schema export complete
 